{"meta": {"format": 3, "version": "7.10.1", "timestamp": "2025-08-04T04:43:19.578591", "branch_coverage": false, "show_contexts": false}, "files": {"photo_restore/__init__.py": {"executed_lines": [1, 3, 4, 5], "summary": {"covered_lines": 3, "num_statements": 3, "percent_covered": 100.0, "percent_covered_display": "100", "missing_lines": 0, "excluded_lines": 0}, "missing_lines": [], "excluded_lines": [], "functions": {"": {"executed_lines": [1, 3, 4, 5], "summary": {"covered_lines": 3, "num_statements": 3, "percent_covered": 100.0, "percent_covered_display": "100", "missing_lines": 0, "excluded_lines": 0}, "missing_lines": [], "excluded_lines": []}}, "classes": {"": {"executed_lines": [1, 3, 4, 5], "summary": {"covered_lines": 3, "num_statements": 3, "percent_covered": 100.0, "percent_covered_display": "100", "missing_lines": 0, "excluded_lines": 0}, "missing_lines": [], "excluded_lines": []}}}, "photo_restore/cli.py": {"executed_lines": [], "summary": {"covered_lines": 0, "num_statements": 49, "percent_covered": 0.0, "percent_covered_display": "0", "missing_lines": 49, "excluded_lines": 0}, "missing_lines": [3, 4, 5, 6, 8, 9, 11, 12, 13, 14, 17, 18, 19, 20, 21, 23, 24, 26, 28, 29, 30, 43, 44, 46, 48, 51, 52, 55, 56, 57, 65, 69, 70, 71, 73, 75, 76, 77, 79, 89, 90, 92, 93, 95, 96, 97, 98, 101, 102], "excluded_lines": [], "functions": {"main": {"executed_lines": [], "summary": {"covered_lines": 0, "num_statements": 26, "percent_covered": 0.0, "percent_covered_display": "0", "missing_lines": 26, "excluded_lines": 0}, "missing_lines": [43, 44, 46, 48, 51, 52, 55, 56, 57, 65, 69, 70, 71, 73, 75, 76, 77, 79, 89, 90, 92, 93, 95, 96, 97, 98], "excluded_lines": []}, "": {"executed_lines": [], "summary": {"covered_lines": 0, "num_statements": 23, "percent_covered": 0.0, "percent_covered_display": "0", "missing_lines": 23, "excluded_lines": 0}, "missing_lines": [3, 4, 5, 6, 8, 9, 11, 12, 13, 14, 17, 18, 19, 20, 21, 23, 24, 26, 28, 29, 30, 101, 102], "excluded_lines": []}}, "classes": {"": {"executed_lines": [], "summary": {"covered_lines": 0, "num_statements": 49, "percent_covered": 0.0, "percent_covered_display": "0", "missing_lines": 49, "excluded_lines": 0}, "missing_lines": [3, 4, 5, 6, 8, 9, 11, 12, 13, 14, 17, 18, 19, 20, 21, 23, 24, 26, 28, 29, 30, 43, 44, 46, 48, 51, 52, 55, 56, 57, 65, 69, 70, 71, 73, 75, 76, 77, 79, 89, 90, 92, 93, 95, 96, 97, 98, 101, 102], "excluded_lines": []}}}, "photo_restore/cli_prototype.py": {"executed_lines": [], "summary": {"covered_lines": 0, "num_statements": 91, "percent_covered": 0.0, "percent_covered_display": "0", "missing_lines": 91, "excluded_lines": 0}, "missing_lines": [4, 5, 6, 7, 9, 10, 13, 14, 15, 16, 17, 19, 20, 22, 24, 25, 37, 38, 41, 42, 43, 44, 45, 46, 47, 49, 50, 51, 53, 54, 57, 62, 63, 64, 66, 69, 70, 72, 73, 74, 76, 77, 78, 80, 81, 82, 84, 85, 86, 87, 89, 90, 91, 94, 95, 96, 97, 98, 99, 100, 101, 104, 108, 109, 112, 113, 116, 117, 118, 120, 121, 123, 126, 127, 128, 130, 131, 132, 135, 136, 139, 140, 142, 143, 145, 146, 148, 150, 151, 154, 155], "excluded_lines": [], "functions": {"main": {"executed_lines": [], "summary": {"covered_lines": 0, "num_statements": 14, "percent_covered": 0.0, "percent_covered_display": "0", "missing_lines": 14, "excluded_lines": 0}, "missing_lines": [37, 38, 41, 42, 43, 44, 45, 46, 47, 49, 50, 51, 53, 54], "excluded_lines": []}, "process_single_image_prototype": {"executed_lines": [], "summary": {"covered_lines": 0, "num_statements": 30, "percent_covered": 0.0, "percent_covered_display": "0", "missing_lines": 30, "excluded_lines": 0}, "missing_lines": [62, 63, 64, 66, 69, 70, 72, 73, 74, 76, 77, 78, 80, 81, 82, 84, 85, 86, 87, 89, 90, 91, 94, 95, 96, 97, 98, 99, 100, 101], "excluded_lines": []}, "process_directory_prototype": {"executed_lines": [], "summary": {"covered_lines": 0, "num_statements": 27, "percent_covered": 0.0, "percent_covered_display": "0", "missing_lines": 27, "excluded_lines": 0}, "missing_lines": [108, 109, 112, 113, 116, 117, 118, 120, 121, 123, 126, 127, 128, 130, 131, 132, 135, 136, 139, 140, 142, 143, 145, 146, 148, 150, 151], "excluded_lines": []}, "": {"executed_lines": [], "summary": {"covered_lines": 0, "num_statements": 20, "percent_covered": 0.0, "percent_covered_display": "0", "missing_lines": 20, "excluded_lines": 0}, "missing_lines": [4, 5, 6, 7, 9, 10, 13, 14, 15, 16, 17, 19, 20, 22, 24, 25, 57, 104, 154, 155], "excluded_lines": []}}, "classes": {"": {"executed_lines": [], "summary": {"covered_lines": 0, "num_statements": 91, "percent_covered": 0.0, "percent_covered_display": "0", "missing_lines": 91, "excluded_lines": 0}, "missing_lines": [4, 5, 6, 7, 9, 10, 13, 14, 15, 16, 17, 19, 20, 22, 24, 25, 37, 38, 41, 42, 43, 44, 45, 46, 47, 49, 50, 51, 53, 54, 57, 62, 63, 64, 66, 69, 70, 72, 73, 74, 76, 77, 78, 80, 81, 82, 84, 85, 86, 87, 89, 90, 91, 94, 95, 96, 97, 98, 99, 100, 101, 104, 108, 109, 112, 113, 116, 117, 118, 120, 121, 123, 126, 127, 128, 130, 131, 132, 135, 136, 139, 140, 142, 143, 145, 146, 148, 150, 151, 154, 155], "excluded_lines": []}}}, "photo_restore/config/__init__.py": {"executed_lines": [], "summary": {"covered_lines": 0, "num_statements": 0, "percent_covered": 100.0, "percent_covered_display": "100", "missing_lines": 0, "excluded_lines": 0}, "missing_lines": [], "excluded_lines": [], "functions": {"": {"executed_lines": [], "summary": {"covered_lines": 0, "num_statements": 0, "percent_covered": 100.0, "percent_covered_display": "100", "missing_lines": 0, "excluded_lines": 0}, "missing_lines": [], "excluded_lines": []}}, "classes": {"": {"executed_lines": [], "summary": {"covered_lines": 0, "num_statements": 0, "percent_covered": 100.0, "percent_covered_display": "100", "missing_lines": 0, "excluded_lines": 0}, "missing_lines": [], "excluded_lines": []}}}, "photo_restore/models/__init__.py": {"executed_lines": [], "summary": {"covered_lines": 0, "num_statements": 0, "percent_covered": 100.0, "percent_covered_display": "100", "missing_lines": 0, "excluded_lines": 0}, "missing_lines": [], "excluded_lines": [], "functions": {"": {"executed_lines": [], "summary": {"covered_lines": 0, "num_statements": 0, "percent_covered": 100.0, "percent_covered_display": "100", "missing_lines": 0, "excluded_lines": 0}, "missing_lines": [], "excluded_lines": []}}, "classes": {"": {"executed_lines": [], "summary": {"covered_lines": 0, "num_statements": 0, "percent_covered": 100.0, "percent_covered_display": "100", "missing_lines": 0, "excluded_lines": 0}, "missing_lines": [], "excluded_lines": []}}}, "photo_restore/models/base_model.py": {"executed_lines": [], "summary": {"covered_lines": 0, "num_statements": 173, "percent_covered": 0.0, "percent_covered_display": "0", "missing_lines": 173, "excluded_lines": 0}, "missing_lines": [3, 4, 5, 6, 7, 8, 9, 11, 13, 16, 19, 27, 28, 29, 30, 33, 34, 35, 36, 38, 39, 46, 48, 49, 60, 62, 63, 70, 72, 74, 76, 78, 79, 80, 81, 84, 85, 86, 88, 90, 91, 93, 96, 97, 98, 99, 100, 103, 104, 106, 108, 109, 110, 112, 113, 114, 115, 117, 118, 119, 121, 122, 124, 127, 128, 129, 131, 133, 135, 137, 138, 141, 142, 145, 146, 147, 148, 149, 150, 151, 152, 155, 156, 157, 159, 161, 164, 165, 166, 167, 169, 171, 173, 175, 176, 177, 178, 180, 186, 187, 189, 199, 200, 201, 203, 204, 205, 207, 208, 209, 211, 213, 215, 216, 217, 219, 221, 224, 227, 229, 230, 238, 239, 241, 242, 261, 262, 263, 265, 266, 267, 268, 269, 271, 272, 273, 275, 276, 278, 281, 284, 291, 292, 294, 296, 297, 298, 300, 311, 313, 314, 315, 316, 318, 319, 321, 322, 324, 326, 328, 330, 331, 332, 333, 334, 336, 338, 339, 341, 343, 344, 346, 348], "excluded_lines": [], "functions": {"BaseModel.__init__": {"executed_lines": [], "summary": {"covered_lines": 0, "num_statements": 8, "percent_covered": 0.0, "percent_covered_display": "0", "missing_lines": 8, "excluded_lines": 0}, "missing_lines": [27, 28, 29, 30, 33, 34, 35, 36], "excluded_lines": []}, "BaseModel.load_model": {"executed_lines": [], "summary": {"covered_lines": 0, "num_statements": 1, "percent_covered": 0.0, "percent_covered_display": "0", "missing_lines": 1, "excluded_lines": 0}, "missing_lines": [46], "excluded_lines": []}, "BaseModel.enhance_image": {"executed_lines": [], "summary": {"covered_lines": 0, "num_statements": 1, "percent_covered": 0.0, "percent_covered_display": "0", "missing_lines": 1, "excluded_lines": 0}, "missing_lines": [60], "excluded_lines": []}, "BaseModel.get_model_info": {"executed_lines": [], "summary": {"covered_lines": 0, "num_statements": 1, "percent_covered": 0.0, "percent_covered_display": "0", "missing_lines": 1, "excluded_lines": 0}, "missing_lines": [70], "excluded_lines": []}, "BaseModel.is_loaded": {"executed_lines": [], "summary": {"covered_lines": 0, "num_statements": 1, "percent_covered": 0.0, "percent_covered_display": "0", "missing_lines": 1, "excluded_lines": 0}, "missing_lines": [74], "excluded_lines": []}, "BaseModel.unload_model": {"executed_lines": [], "summary": {"covered_lines": 0, "num_statements": 8, "percent_covered": 0.0, "percent_covered_display": "0", "missing_lines": 8, "excluded_lines": 0}, "missing_lines": [78, 79, 80, 81, 84, 85, 86, 88], "excluded_lines": []}, "BaseModel._optimize_for_cpu_inference": {"executed_lines": [], "summary": {"covered_lines": 0, "num_statements": 8, "percent_covered": 0.0, "percent_covered_display": "0", "missing_lines": 8, "excluded_lines": 0}, "missing_lines": [93, 96, 97, 98, 99, 100, 103, 104], "excluded_lines": []}, "BaseModel._tile_image": {"executed_lines": [], "summary": {"covered_lines": 0, "num_statements": 12, "percent_covered": 0.0, "percent_covered_display": "0", "missing_lines": 12, "excluded_lines": 0}, "missing_lines": [108, 109, 110, 112, 113, 114, 115, 117, 118, 119, 121, 122], "excluded_lines": []}, "BaseModel._merge_tiles": {"executed_lines": [], "summary": {"covered_lines": 0, "num_statements": 29, "percent_covered": 0.0, "percent_covered_display": "0", "missing_lines": 29, "excluded_lines": 0}, "missing_lines": [127, 128, 129, 131, 133, 135, 137, 138, 141, 142, 145, 146, 147, 148, 149, 150, 151, 152, 155, 156, 157, 159, 161, 164, 165, 166, 167, 169, 171], "excluded_lines": []}, "BaseModel.get_memory_usage": {"executed_lines": [], "summary": {"covered_lines": 0, "num_statements": 7, "percent_covered": 0.0, "percent_covered_display": "0", "missing_lines": 7, "excluded_lines": 0}, "missing_lines": [175, 176, 177, 178, 180, 186, 187], "excluded_lines": []}, "BaseModel.validate_input": {"executed_lines": [], "summary": {"covered_lines": 0, "num_statements": 10, "percent_covered": 0.0, "percent_covered_display": "0", "missing_lines": 10, "excluded_lines": 0}, "missing_lines": [199, 200, 201, 203, 204, 205, 207, 208, 209, 211], "excluded_lines": []}, "BaseModel.__enter__": {"executed_lines": [], "summary": {"covered_lines": 0, "num_statements": 3, "percent_covered": 0.0, "percent_covered_display": "0", "missing_lines": 3, "excluded_lines": 0}, "missing_lines": [215, 216, 217], "excluded_lines": []}, "BaseModel.__exit__": {"executed_lines": [], "summary": {"covered_lines": 0, "num_statements": 1, "percent_covered": 0.0, "percent_covered_display": "0", "missing_lines": 1, "excluded_lines": 0}, "missing_lines": [221], "excluded_lines": []}, "ModelFactory.register_model": {"executed_lines": [], "summary": {"covered_lines": 0, "num_statements": 2, "percent_covered": 0.0, "percent_covered_display": "0", "missing_lines": 2, "excluded_lines": 0}, "missing_lines": [238, 239], "excluded_lines": []}, "ModelFactory.create_model": {"executed_lines": [], "summary": {"covered_lines": 0, "num_statements": 11, "percent_covered": 0.0, "percent_covered_display": "0", "missing_lines": 11, "excluded_lines": 0}, "missing_lines": [261, 262, 263, 265, 266, 267, 268, 269, 271, 272, 273], "excluded_lines": []}, "ModelFactory.get_available_models": {"executed_lines": [], "summary": {"covered_lines": 0, "num_statements": 1, "percent_covered": 0.0, "percent_covered_display": "0", "missing_lines": 1, "excluded_lines": 0}, "missing_lines": [278], "excluded_lines": []}, "ModelChain.__init__": {"executed_lines": [], "summary": {"covered_lines": 0, "num_statements": 2, "percent_covered": 0.0, "percent_covered_display": "0", "missing_lines": 2, "excluded_lines": 0}, "missing_lines": [291, 292], "excluded_lines": []}, "ModelChain._validate_chain": {"executed_lines": [], "summary": {"covered_lines": 0, "num_statements": 3, "percent_covered": 0.0, "percent_covered_display": "0", "missing_lines": 3, "excluded_lines": 0}, "missing_lines": [296, 297, 298], "excluded_lines": []}, "ModelChain.process_image": {"executed_lines": [], "summary": {"covered_lines": 0, "num_statements": 11, "percent_covered": 0.0, "percent_covered_display": "0", "missing_lines": 11, "excluded_lines": 0}, "missing_lines": [311, 313, 314, 315, 316, 318, 319, 321, 322, 324, 326], "excluded_lines": []}, "ModelChain.load_all_models": {"executed_lines": [], "summary": {"covered_lines": 0, "num_statements": 5, "percent_covered": 0.0, "percent_covered_display": "0", "missing_lines": 5, "excluded_lines": 0}, "missing_lines": [330, 331, 332, 333, 334], "excluded_lines": []}, "ModelChain.unload_all_models": {"executed_lines": [], "summary": {"covered_lines": 0, "num_statements": 2, "percent_covered": 0.0, "percent_covered_display": "0", "missing_lines": 2, "excluded_lines": 0}, "missing_lines": [338, 339], "excluded_lines": []}, "ModelChain.__enter__": {"executed_lines": [], "summary": {"covered_lines": 0, "num_statements": 2, "percent_covered": 0.0, "percent_covered_display": "0", "missing_lines": 2, "excluded_lines": 0}, "missing_lines": [343, 344], "excluded_lines": []}, "ModelChain.__exit__": {"executed_lines": [], "summary": {"covered_lines": 0, "num_statements": 1, "percent_covered": 0.0, "percent_covered_display": "0", "missing_lines": 1, "excluded_lines": 0}, "missing_lines": [348], "excluded_lines": []}, "": {"executed_lines": [], "summary": {"covered_lines": 0, "num_statements": 43, "percent_covered": 0.0, "percent_covered_display": "0", "missing_lines": 43, "excluded_lines": 0}, "missing_lines": [3, 4, 5, 6, 7, 8, 9, 11, 13, 16, 19, 38, 39, 48, 49, 62, 63, 72, 76, 90, 91, 106, 124, 173, 189, 213, 219, 224, 227, 229, 230, 241, 242, 275, 276, 281, 284, 294, 300, 328, 336, 341, 346], "excluded_lines": []}}, "classes": {"BaseModel": {"executed_lines": [], "summary": {"covered_lines": 0, "num_statements": 90, "percent_covered": 0.0, "percent_covered_display": "0", "missing_lines": 90, "excluded_lines": 0}, "missing_lines": [27, 28, 29, 30, 33, 34, 35, 36, 46, 60, 70, 74, 78, 79, 80, 81, 84, 85, 86, 88, 93, 96, 97, 98, 99, 100, 103, 104, 108, 109, 110, 112, 113, 114, 115, 117, 118, 119, 121, 122, 127, 128, 129, 131, 133, 135, 137, 138, 141, 142, 145, 146, 147, 148, 149, 150, 151, 152, 155, 156, 157, 159, 161, 164, 165, 166, 167, 169, 171, 175, 176, 177, 178, 180, 186, 187, 199, 200, 201, 203, 204, 205, 207, 208, 209, 211, 215, 216, 217, 221], "excluded_lines": []}, "ModelFactory": {"executed_lines": [], "summary": {"covered_lines": 0, "num_statements": 14, "percent_covered": 0.0, "percent_covered_display": "0", "missing_lines": 14, "excluded_lines": 0}, "missing_lines": [238, 239, 261, 262, 263, 265, 266, 267, 268, 269, 271, 272, 273, 278], "excluded_lines": []}, "ModelChain": {"executed_lines": [], "summary": {"covered_lines": 0, "num_statements": 26, "percent_covered": 0.0, "percent_covered_display": "0", "missing_lines": 26, "excluded_lines": 0}, "missing_lines": [291, 292, 296, 297, 298, 311, 313, 314, 315, 316, 318, 319, 321, 322, 324, 326, 330, 331, 332, 333, 334, 338, 339, 343, 344, 348], "excluded_lines": []}, "": {"executed_lines": [], "summary": {"covered_lines": 0, "num_statements": 43, "percent_covered": 0.0, "percent_covered_display": "0", "missing_lines": 43, "excluded_lines": 0}, "missing_lines": [3, 4, 5, 6, 7, 8, 9, 11, 13, 16, 19, 38, 39, 48, 49, 62, 63, 72, 76, 90, 91, 106, 124, 173, 189, 213, 219, 224, 227, 229, 230, 241, 242, 275, 276, 281, 284, 294, 300, 328, 336, 341, 346], "excluded_lines": []}}}, "photo_restore/models/esrgan.py": {"executed_lines": [], "summary": {"covered_lines": 0, "num_statements": 216, "percent_covered": 0.0, "percent_covered_display": "0", "missing_lines": 216, "excluded_lines": 0}, "missing_lines": [3, 4, 5, 6, 7, 8, 10, 11, 12, 14, 18, 20, 21, 24, 26, 27, 29, 32, 34, 37, 39, 40, 41, 42, 44, 45, 46, 47, 49, 50, 51, 52, 55, 57, 58, 61, 63, 64, 66, 67, 70, 73, 75, 78, 80, 81, 83, 84, 87, 90, 92, 93, 94, 97, 98, 99, 102, 103, 106, 107, 108, 109, 111, 114, 117, 135, 136, 137, 138, 139, 141, 144, 145, 150, 151, 152, 155, 156, 159, 163, 164, 165, 166, 167, 169, 171, 172, 175, 177, 178, 179, 180, 182, 183, 184, 187, 188, 189, 192, 193, 203, 204, 205, 206, 207, 210, 211, 213, 214, 215, 217, 218, 220, 221, 222, 223, 224, 225, 226, 228, 230, 232, 233, 234, 236, 238, 239, 240, 241, 244, 245, 247, 249, 266, 267, 268, 269, 271, 272, 274, 275, 277, 278, 281, 287, 288, 290, 291, 292, 294, 305, 308, 309, 311, 313, 315, 317, 318, 320, 322, 323, 324, 325, 327, 328, 330, 331, 333, 336, 337, 338, 340, 342, 343, 345, 346, 347, 349, 359, 360, 363, 364, 365, 366, 368, 370, 381, 382, 385, 387, 388, 390, 392, 394, 405, 406, 409, 411, 413, 415, 427, 429, 430, 433, 434, 435, 436, 437, 438, 441, 444, 445, 464, 470, 472, 482], "excluded_lines": [], "functions": {"normalize_image": {"executed_lines": [], "summary": {"covered_lines": 0, "num_statements": 8, "percent_covered": 0.0, "percent_covered_display": "0", "missing_lines": 8, "excluded_lines": 0}, "missing_lines": [20, 21, 24, 26, 27, 29, 32, 34], "excluded_lines": []}, "PerformanceLogger.__init__": {"executed_lines": [], "summary": {"covered_lines": 0, "num_statements": 3, "percent_covered": 0.0, "percent_covered_display": "0", "missing_lines": 3, "excluded_lines": 0}, "missing_lines": [40, 41, 42], "excluded_lines": []}, "PerformanceLogger.__enter__": {"executed_lines": [], "summary": {"covered_lines": 0, "num_statements": 3, "percent_covered": 0.0, "percent_covered_display": "0", "missing_lines": 3, "excluded_lines": 0}, "missing_lines": [45, 46, 47], "excluded_lines": []}, "PerformanceLogger.__exit__": {"executed_lines": [], "summary": {"covered_lines": 0, "num_statements": 3, "percent_covered": 0.0, "percent_covered_display": "0", "missing_lines": 3, "excluded_lines": 0}, "missing_lines": [50, 51, 52], "excluded_lines": []}, "tile_image": {"executed_lines": [], "summary": {"covered_lines": 0, "num_statements": 10, "percent_covered": 0.0, "percent_covered_display": "0", "missing_lines": 10, "excluded_lines": 0}, "missing_lines": [57, 58, 61, 63, 64, 66, 67, 70, 73, 75], "excluded_lines": []}, "merge_tiles": {"executed_lines": [], "summary": {"covered_lines": 0, "num_statements": 19, "percent_covered": 0.0, "percent_covered_display": "0", "missing_lines": 19, "excluded_lines": 0}, "missing_lines": [80, 81, 83, 84, 87, 90, 92, 93, 94, 97, 98, 99, 102, 103, 106, 107, 108, 109, 111], "excluded_lines": []}, "RealESRGANModel.__init__": {"executed_lines": [], "summary": {"covered_lines": 0, "num_statements": 5, "percent_covered": 0.0, "percent_covered_display": "0", "missing_lines": 5, "excluded_lines": 0}, "missing_lines": [135, 136, 137, 138, 139], "excluded_lines": []}, "RealESRGANModel.load_model": {"executed_lines": [], "summary": {"covered_lines": 0, "num_statements": 48, "percent_covered": 0.0, "percent_covered_display": "0", "missing_lines": 48, "excluded_lines": 0}, "missing_lines": [144, 145, 150, 151, 152, 155, 156, 159, 163, 164, 165, 166, 167, 169, 171, 172, 175, 177, 178, 179, 180, 182, 183, 184, 187, 188, 189, 192, 193, 203, 204, 205, 206, 207, 210, 211, 213, 214, 215, 217, 218, 220, 221, 222, 223, 224, 225, 226], "excluded_lines": []}, "RealESRGANModel._create_fallback_upsampler": {"executed_lines": [], "summary": {"covered_lines": 0, "num_statements": 5, "percent_covered": 0.0, "percent_covered_display": "0", "missing_lines": 5, "excluded_lines": 0}, "missing_lines": [230, 232, 233, 236, 247], "excluded_lines": []}, "RealESRGANModel._create_fallback_upsampler.FallbackUpsampler.__init__": {"executed_lines": [], "summary": {"covered_lines": 0, "num_statements": 1, "percent_covered": 0.0, "percent_covered_display": "0", "missing_lines": 1, "excluded_lines": 0}, "missing_lines": [234], "excluded_lines": []}, "RealESRGANModel._create_fallback_upsampler.FallbackUpsampler.enhance": {"executed_lines": [], "summary": {"covered_lines": 0, "num_statements": 6, "percent_covered": 0.0, "percent_covered_display": "0", "missing_lines": 6, "excluded_lines": 0}, "missing_lines": [238, 239, 240, 241, 244, 245], "excluded_lines": []}, "RealESRGANModel.enhance_image": {"executed_lines": [], "summary": {"covered_lines": 0, "num_statements": 16, "percent_covered": 0.0, "percent_covered_display": "0", "missing_lines": 16, "excluded_lines": 0}, "missing_lines": [266, 267, 268, 269, 271, 272, 274, 275, 277, 278, 281, 287, 288, 290, 291, 292], "excluded_lines": []}, "RealESRGANModel.enhance_image_tiled": {"executed_lines": [], "summary": {"covered_lines": 0, "num_statements": 4, "percent_covered": 0.0, "percent_covered_display": "0", "missing_lines": 4, "excluded_lines": 0}, "missing_lines": [305, 308, 309, 311], "excluded_lines": []}, "RealESRGANModel._enhance_with_tiles": {"executed_lines": [], "summary": {"covered_lines": 0, "num_statements": 22, "percent_covered": 0.0, "percent_covered_display": "0", "missing_lines": 22, "excluded_lines": 0}, "missing_lines": [315, 317, 318, 320, 322, 323, 324, 325, 327, 328, 330, 331, 333, 336, 337, 338, 340, 342, 343, 345, 346, 347], "excluded_lines": []}, "RealESRGANModel.get_optimal_tile_size": {"executed_lines": [], "summary": {"covered_lines": 0, "num_statements": 7, "percent_covered": 0.0, "percent_covered_display": "0", "missing_lines": 7, "excluded_lines": 0}, "missing_lines": [359, 360, 363, 364, 365, 366, 368], "excluded_lines": []}, "RealESRGANModel.preprocess_image": {"executed_lines": [], "summary": {"covered_lines": 0, "num_statements": 7, "percent_covered": 0.0, "percent_covered_display": "0", "missing_lines": 7, "excluded_lines": 0}, "missing_lines": [381, 382, 385, 387, 388, 390, 392], "excluded_lines": []}, "RealESRGANModel.postprocess_image": {"executed_lines": [], "summary": {"covered_lines": 0, "num_statements": 4, "percent_covered": 0.0, "percent_covered_display": "0", "missing_lines": 4, "excluded_lines": 0}, "missing_lines": [405, 406, 409, 411], "excluded_lines": []}, "RealESRGANModel.get_model_info": {"executed_lines": [], "summary": {"covered_lines": 0, "num_statements": 1, "percent_covered": 0.0, "percent_covered_display": "0", "missing_lines": 1, "excluded_lines": 0}, "missing_lines": [415], "excluded_lines": []}, "RealESRGANModel.unload_model": {"executed_lines": [], "summary": {"covered_lines": 0, "num_statements": 8, "percent_covered": 0.0, "percent_covered_display": "0", "missing_lines": 8, "excluded_lines": 0}, "missing_lines": [429, 430, 433, 434, 435, 436, 437, 438], "excluded_lines": []}, "ESRGANModelFactory.create_model": {"executed_lines": [], "summary": {"covered_lines": 0, "num_statements": 3, "percent_covered": 0.0, "percent_covered_display": "0", "missing_lines": 3, "excluded_lines": 0}, "missing_lines": [464, 470, 472], "excluded_lines": []}, "": {"executed_lines": [], "summary": {"covered_lines": 0, "num_statements": 33, "percent_covered": 0.0, "percent_covered_display": "0", "missing_lines": 33, "excluded_lines": 0}, "missing_lines": [3, 4, 5, 6, 7, 8, 10, 11, 12, 14, 18, 37, 39, 44, 49, 55, 78, 114, 117, 141, 228, 249, 294, 313, 349, 370, 394, 413, 427, 441, 444, 445, 482], "excluded_lines": []}}, "classes": {"PerformanceLogger": {"executed_lines": [], "summary": {"covered_lines": 0, "num_statements": 9, "percent_covered": 0.0, "percent_covered_display": "0", "missing_lines": 9, "excluded_lines": 0}, "missing_lines": [40, 41, 42, 45, 46, 47, 50, 51, 52], "excluded_lines": []}, "RealESRGANModel": {"executed_lines": [], "summary": {"covered_lines": 0, "num_statements": 127, "percent_covered": 0.0, "percent_covered_display": "0", "missing_lines": 127, "excluded_lines": 0}, "missing_lines": [135, 136, 137, 138, 139, 144, 145, 150, 151, 152, 155, 156, 159, 163, 164, 165, 166, 167, 169, 171, 172, 175, 177, 178, 179, 180, 182, 183, 184, 187, 188, 189, 192, 193, 203, 204, 205, 206, 207, 210, 211, 213, 214, 215, 217, 218, 220, 221, 222, 223, 224, 225, 226, 230, 232, 233, 236, 247, 266, 267, 268, 269, 271, 272, 274, 275, 277, 278, 281, 287, 288, 290, 291, 292, 305, 308, 309, 311, 315, 317, 318, 320, 322, 323, 324, 325, 327, 328, 330, 331, 333, 336, 337, 338, 340, 342, 343, 345, 346, 347, 359, 360, 363, 364, 365, 366, 368, 381, 382, 385, 387, 388, 390, 392, 405, 406, 409, 411, 415, 429, 430, 433, 434, 435, 436, 437, 438], "excluded_lines": []}, "RealESRGANModel._create_fallback_upsampler.FallbackUpsampler": {"executed_lines": [], "summary": {"covered_lines": 0, "num_statements": 7, "percent_covered": 0.0, "percent_covered_display": "0", "missing_lines": 7, "excluded_lines": 0}, "missing_lines": [234, 238, 239, 240, 241, 244, 245], "excluded_lines": []}, "ESRGANModelFactory": {"executed_lines": [], "summary": {"covered_lines": 0, "num_statements": 3, "percent_covered": 0.0, "percent_covered_display": "0", "missing_lines": 3, "excluded_lines": 0}, "missing_lines": [464, 470, 472], "excluded_lines": []}, "": {"executed_lines": [], "summary": {"covered_lines": 0, "num_statements": 70, "percent_covered": 0.0, "percent_covered_display": "0", "missing_lines": 70, "excluded_lines": 0}, "missing_lines": [3, 4, 5, 6, 7, 8, 10, 11, 12, 14, 18, 20, 21, 24, 26, 27, 29, 32, 34, 37, 39, 44, 49, 55, 57, 58, 61, 63, 64, 66, 67, 70, 73, 75, 78, 80, 81, 83, 84, 87, 90, 92, 93, 94, 97, 98, 99, 102, 103, 106, 107, 108, 109, 111, 114, 117, 141, 228, 249, 294, 313, 349, 370, 394, 413, 427, 441, 444, 445, 482], "excluded_lines": []}}}, "photo_restore/models/gfpgan.py": {"executed_lines": [], "summary": {"covered_lines": 0, "num_statements": 178, "percent_covered": 0.0, "percent_covered_display": "0", "missing_lines": 178, "excluded_lines": 0}, "missing_lines": [3, 4, 5, 6, 7, 8, 10, 11, 13, 16, 19, 39, 40, 41, 42, 43, 44, 46, 48, 50, 51, 52, 53, 54, 56, 57, 58, 61, 62, 63, 66, 76, 77, 79, 80, 81, 83, 84, 85, 87, 108, 109, 110, 111, 113, 114, 116, 118, 119, 122, 123, 126, 127, 128, 129, 132, 133, 142, 144, 145, 147, 148, 149, 151, 152, 154, 155, 156, 158, 160, 161, 162, 163, 164, 166, 168, 170, 171, 174, 175, 176, 177, 178, 179, 181, 182, 183, 185, 187, 197, 198, 199, 201, 203, 210, 211, 212, 219, 220, 222, 223, 224, 226, 241, 242, 243, 245, 246, 247, 250, 257, 258, 260, 262, 263, 264, 266, 283, 284, 287, 295, 297, 298, 299, 301, 312, 313, 316, 317, 319, 320, 321, 322, 323, 324, 326, 328, 338, 339, 341, 351, 352, 354, 356, 369, 371, 372, 375, 376, 377, 378, 379, 380, 383, 386, 393, 394, 395, 397, 399, 401, 405, 407, 408, 411, 412, 413, 415, 425, 426, 428, 430, 433, 440, 442, 443, 444, 448], "excluded_lines": [], "functions": {"GFPGANModel.__init__": {"executed_lines": [], "summary": {"covered_lines": 0, "num_statements": 6, "percent_covered": 0.0, "percent_covered_display": "0", "missing_lines": 6, "excluded_lines": 0}, "missing_lines": [39, 40, 41, 42, 43, 44], "excluded_lines": []}, "GFPGANModel.load_model": {"executed_lines": [], "summary": {"covered_lines": 0, "num_statements": 21, "percent_covered": 0.0, "percent_covered_display": "0", "missing_lines": 21, "excluded_lines": 0}, "missing_lines": [48, 50, 51, 52, 53, 54, 56, 57, 58, 61, 62, 63, 66, 76, 77, 79, 80, 81, 83, 84, 85], "excluded_lines": []}, "GFPGANModel.enhance_image": {"executed_lines": [], "summary": {"covered_lines": 0, "num_statements": 28, "percent_covered": 0.0, "percent_covered_display": "0", "missing_lines": 28, "excluded_lines": 0}, "missing_lines": [108, 109, 110, 111, 113, 114, 116, 118, 119, 122, 123, 126, 127, 128, 129, 132, 133, 142, 144, 145, 147, 148, 149, 151, 152, 154, 155, 156], "excluded_lines": []}, "GFPGANModel._normalize_image": {"executed_lines": [], "summary": {"covered_lines": 0, "num_statements": 5, "percent_covered": 0.0, "percent_covered_display": "0", "missing_lines": 5, "excluded_lines": 0}, "missing_lines": [160, 161, 162, 163, 164], "excluded_lines": []}, "GFPGANModel._quick_face_check": {"executed_lines": [], "summary": {"covered_lines": 0, "num_statements": 13, "percent_covered": 0.0, "percent_covered_display": "0", "missing_lines": 13, "excluded_lines": 0}, "missing_lines": [168, 170, 171, 174, 175, 176, 177, 178, 179, 181, 182, 183, 185], "excluded_lines": []}, "GFPGANModel.detect_faces": {"executed_lines": [], "summary": {"covered_lines": 0, "num_statements": 13, "percent_covered": 0.0, "percent_covered_display": "0", "missing_lines": 13, "excluded_lines": 0}, "missing_lines": [197, 198, 199, 201, 203, 210, 211, 212, 219, 220, 222, 223, 224], "excluded_lines": []}, "GFPGANModel.enhance_single_face": {"executed_lines": [], "summary": {"covered_lines": 0, "num_statements": 13, "percent_covered": 0.0, "percent_covered_display": "0", "missing_lines": 13, "excluded_lines": 0}, "missing_lines": [241, 242, 243, 245, 246, 247, 250, 257, 258, 260, 262, 263, 264], "excluded_lines": []}, "GFPGANModel.blend_enhanced_faces": {"executed_lines": [], "summary": {"covered_lines": 0, "num_statements": 7, "percent_covered": 0.0, "percent_covered_display": "0", "missing_lines": 7, "excluded_lines": 0}, "missing_lines": [283, 284, 287, 295, 297, 298, 299], "excluded_lines": []}, "GFPGANModel.preprocess_for_face_detection": {"executed_lines": [], "summary": {"covered_lines": 0, "num_statements": 11, "percent_covered": 0.0, "percent_covered_display": "0", "missing_lines": 11, "excluded_lines": 0}, "missing_lines": [312, 313, 316, 317, 319, 320, 321, 322, 323, 324, 326], "excluded_lines": []}, "GFPGANModel.has_faces": {"executed_lines": [], "summary": {"covered_lines": 0, "num_statements": 2, "percent_covered": 0.0, "percent_covered_display": "0", "missing_lines": 2, "excluded_lines": 0}, "missing_lines": [338, 339], "excluded_lines": []}, "GFPGANModel.get_face_count": {"executed_lines": [], "summary": {"covered_lines": 0, "num_statements": 2, "percent_covered": 0.0, "percent_covered_display": "0", "missing_lines": 2, "excluded_lines": 0}, "missing_lines": [351, 352], "excluded_lines": []}, "GFPGANModel.get_model_info": {"executed_lines": [], "summary": {"covered_lines": 0, "num_statements": 1, "percent_covered": 0.0, "percent_covered_display": "0", "missing_lines": 1, "excluded_lines": 0}, "missing_lines": [356], "excluded_lines": []}, "GFPGANModel.unload_model": {"executed_lines": [], "summary": {"covered_lines": 0, "num_statements": 8, "percent_covered": 0.0, "percent_covered_display": "0", "missing_lines": 8, "excluded_lines": 0}, "missing_lines": [371, 372, 375, 376, 377, 378, 379, 380], "excluded_lines": []}, "FaceDetector.__init__": {"executed_lines": [], "summary": {"covered_lines": 0, "num_statements": 3, "percent_covered": 0.0, "percent_covered_display": "0", "missing_lines": 3, "excluded_lines": 0}, "missing_lines": [393, 394, 395], "excluded_lines": []}, "FaceDetector._load_detector": {"executed_lines": [], "summary": {"covered_lines": 0, "num_statements": 8, "percent_covered": 0.0, "percent_covered_display": "0", "missing_lines": 8, "excluded_lines": 0}, "missing_lines": [399, 401, 405, 407, 408, 411, 412, 413], "excluded_lines": []}, "FaceDetector.detect_faces_simple": {"executed_lines": [], "summary": {"covered_lines": 0, "num_statements": 9, "percent_covered": 0.0, "percent_covered_display": "0", "missing_lines": 9, "excluded_lines": 0}, "missing_lines": [425, 426, 428, 430, 433, 440, 442, 443, 444], "excluded_lines": []}, "": {"executed_lines": [], "summary": {"covered_lines": 0, "num_statements": 28, "percent_covered": 0.0, "percent_covered_display": "0", "missing_lines": 28, "excluded_lines": 0}, "missing_lines": [3, 4, 5, 6, 7, 8, 10, 11, 13, 16, 19, 46, 87, 158, 166, 187, 226, 266, 301, 328, 341, 354, 369, 383, 386, 397, 415, 448], "excluded_lines": []}}, "classes": {"GFPGANModel": {"executed_lines": [], "summary": {"covered_lines": 0, "num_statements": 130, "percent_covered": 0.0, "percent_covered_display": "0", "missing_lines": 130, "excluded_lines": 0}, "missing_lines": [39, 40, 41, 42, 43, 44, 48, 50, 51, 52, 53, 54, 56, 57, 58, 61, 62, 63, 66, 76, 77, 79, 80, 81, 83, 84, 85, 108, 109, 110, 111, 113, 114, 116, 118, 119, 122, 123, 126, 127, 128, 129, 132, 133, 142, 144, 145, 147, 148, 149, 151, 152, 154, 155, 156, 160, 161, 162, 163, 164, 168, 170, 171, 174, 175, 176, 177, 178, 179, 181, 182, 183, 185, 197, 198, 199, 201, 203, 210, 211, 212, 219, 220, 222, 223, 224, 241, 242, 243, 245, 246, 247, 250, 257, 258, 260, 262, 263, 264, 283, 284, 287, 295, 297, 298, 299, 312, 313, 316, 317, 319, 320, 321, 322, 323, 324, 326, 338, 339, 351, 352, 356, 371, 372, 375, 376, 377, 378, 379, 380], "excluded_lines": []}, "FaceDetector": {"executed_lines": [], "summary": {"covered_lines": 0, "num_statements": 20, "percent_covered": 0.0, "percent_covered_display": "0", "missing_lines": 20, "excluded_lines": 0}, "missing_lines": [393, 394, 395, 399, 401, 405, 407, 408, 411, 412, 413, 425, 426, 428, 430, 433, 440, 442, 443, 444], "excluded_lines": []}, "": {"executed_lines": [], "summary": {"covered_lines": 0, "num_statements": 28, "percent_covered": 0.0, "percent_covered_display": "0", "missing_lines": 28, "excluded_lines": 0}, "missing_lines": [3, 4, 5, 6, 7, 8, 10, 11, 13, 16, 19, 46, 87, 158, 166, 187, 226, 266, 301, 328, 341, 354, 369, 383, 386, 397, 415, 448], "excluded_lines": []}}}, "photo_restore/models/model_manager.py": {"executed_lines": [], "summary": {"covered_lines": 0, "num_statements": 209, "percent_covered": 0.0, "percent_covered_display": "0", "missing_lines": 209, "excluded_lines": 0}, "missing_lines": [3, 4, 5, 6, 7, 8, 9, 11, 12, 13, 15, 18, 22, 60, 62, 63, 66, 67, 70, 71, 72, 75, 77, 79, 81, 83, 84, 86, 87, 88, 91, 92, 95, 97, 99, 100, 102, 104, 106, 108, 109, 110, 112, 114, 115, 117, 119, 121, 132, 133, 134, 136, 137, 140, 141, 142, 144, 145, 146, 148, 149, 150, 152, 154, 155, 156, 158, 160, 167, 168, 169, 170, 172, 173, 175, 176, 177, 178, 179, 181, 183, 185, 186, 188, 191, 192, 195, 196, 199, 200, 203, 204, 205, 206, 207, 208, 209, 210, 213, 214, 217, 220, 225, 226, 227, 228, 239, 240, 242, 243, 245, 246, 247, 248, 249, 250, 251, 252, 253, 254, 255, 256, 257, 258, 259, 260, 261, 263, 266, 268, 271, 273, 274, 279, 280, 281, 283, 285, 286, 288, 289, 290, 291, 293, 295, 297, 298, 301, 304, 306, 307, 308, 309, 311, 314, 315, 318, 319, 320, 321, 322, 323, 324, 327, 337, 339, 342, 343, 344, 349, 350, 351, 353, 354, 356, 357, 358, 359, 361, 363, 365, 367, 369, 371, 373, 375, 377, 379, 380, 381, 384, 385, 387, 389, 391, 399, 401, 402, 403, 404, 407, 408, 410, 411, 412, 414, 415, 417, 419], "excluded_lines": [], "functions": {"ModelManager.__init__": {"executed_lines": [], "summary": {"covered_lines": 0, "num_statements": 9, "percent_covered": 0.0, "percent_covered_display": "0", "missing_lines": 9, "excluded_lines": 0}, "missing_lines": [62, 63, 66, 67, 70, 71, 72, 75, 77], "excluded_lines": []}, "ModelManager._setup_cpu_optimization": {"executed_lines": [], "summary": {"covered_lines": 0, "num_statements": 12, "percent_covered": 0.0, "percent_covered_display": "0", "missing_lines": 12, "excluded_lines": 0}, "missing_lines": [81, 83, 84, 86, 87, 88, 91, 92, 95, 97, 99, 100], "excluded_lines": []}, "ModelManager._check_memory_usage": {"executed_lines": [], "summary": {"covered_lines": 0, "num_statements": 1, "percent_covered": 0.0, "percent_covered_display": "0", "missing_lines": 1, "excluded_lines": 0}, "missing_lines": [104], "excluded_lines": []}, "ModelManager._adaptive_tile_size": {"executed_lines": [], "summary": {"covered_lines": 0, "num_statements": 8, "percent_covered": 0.0, "percent_covered_display": "0", "missing_lines": 8, "excluded_lines": 0}, "missing_lines": [108, 109, 110, 112, 114, 115, 117, 119], "excluded_lines": []}, "ModelManager.download_model": {"executed_lines": [], "summary": {"covered_lines": 0, "num_statements": 14, "percent_covered": 0.0, "percent_covered_display": "0", "missing_lines": 14, "excluded_lines": 0}, "missing_lines": [132, 133, 134, 136, 137, 140, 141, 142, 144, 145, 146, 148, 149, 150], "excluded_lines": []}, "ModelManager._download_file": {"executed_lines": [], "summary": {"covered_lines": 0, "num_statements": 16, "percent_covered": 0.0, "percent_covered_display": "0", "missing_lines": 16, "excluded_lines": 0}, "missing_lines": [154, 155, 156, 158, 160, 167, 168, 169, 170, 172, 173, 175, 176, 177, 178, 179], "excluded_lines": []}, "ModelManager.load_esrgan_model": {"executed_lines": [], "summary": {"covered_lines": 0, "num_statements": 63, "percent_covered": 0.0, "percent_covered_display": "0", "missing_lines": 63, "excluded_lines": 0}, "missing_lines": [183, 185, 186, 188, 191, 192, 195, 196, 199, 200, 203, 204, 205, 206, 207, 208, 209, 210, 213, 214, 217, 220, 225, 226, 227, 228, 239, 240, 242, 243, 245, 246, 247, 248, 249, 250, 251, 252, 253, 254, 255, 256, 257, 258, 259, 260, 261, 263, 266, 268, 271, 273, 274, 279, 280, 281, 283, 285, 286, 288, 289, 290, 291], "excluded_lines": []}, "ModelManager.load_gfpgan_model": {"executed_lines": [], "summary": {"covered_lines": 0, "num_statements": 34, "percent_covered": 0.0, "percent_covered_display": "0", "missing_lines": 34, "excluded_lines": 0}, "missing_lines": [295, 297, 298, 301, 304, 306, 307, 308, 309, 311, 314, 315, 318, 319, 320, 321, 322, 323, 324, 327, 337, 339, 342, 343, 344, 349, 350, 351, 353, 354, 356, 357, 358, 359], "excluded_lines": []}, "ModelManager.is_esrgan_loaded": {"executed_lines": [], "summary": {"covered_lines": 0, "num_statements": 1, "percent_covered": 0.0, "percent_covered_display": "0", "missing_lines": 1, "excluded_lines": 0}, "missing_lines": [363], "excluded_lines": []}, "ModelManager.is_gfpgan_loaded": {"executed_lines": [], "summary": {"covered_lines": 0, "num_statements": 1, "percent_covered": 0.0, "percent_covered_display": "0", "missing_lines": 1, "excluded_lines": 0}, "missing_lines": [367], "excluded_lines": []}, "ModelManager.get_esrgan_model": {"executed_lines": [], "summary": {"covered_lines": 0, "num_statements": 1, "percent_covered": 0.0, "percent_covered_display": "0", "missing_lines": 1, "excluded_lines": 0}, "missing_lines": [371], "excluded_lines": []}, "ModelManager.get_gfpgan_model": {"executed_lines": [], "summary": {"covered_lines": 0, "num_statements": 1, "percent_covered": 0.0, "percent_covered_display": "0", "missing_lines": 1, "excluded_lines": 0}, "missing_lines": [375], "excluded_lines": []}, "ModelManager.unload_models": {"executed_lines": [], "summary": {"covered_lines": 0, "num_statements": 6, "percent_covered": 0.0, "percent_covered_display": "0", "missing_lines": 6, "excluded_lines": 0}, "missing_lines": [379, 380, 381, 384, 385, 387], "excluded_lines": []}, "ModelManager.get_model_info": {"executed_lines": [], "summary": {"covered_lines": 0, "num_statements": 1, "percent_covered": 0.0, "percent_covered_display": "0", "missing_lines": 1, "excluded_lines": 0}, "missing_lines": [391], "excluded_lines": []}, "ModelManager.cleanup_cache": {"executed_lines": [], "summary": {"covered_lines": 0, "num_statements": 11, "percent_covered": 0.0, "percent_covered_display": "0", "missing_lines": 11, "excluded_lines": 0}, "missing_lines": [401, 402, 403, 404, 407, 408, 410, 411, 412, 414, 415], "excluded_lines": []}, "ModelManager.__del__": {"executed_lines": [], "summary": {"covered_lines": 0, "num_statements": 1, "percent_covered": 0.0, "percent_covered_display": "0", "missing_lines": 1, "excluded_lines": 0}, "missing_lines": [419], "excluded_lines": []}, "": {"executed_lines": [], "summary": {"covered_lines": 0, "num_statements": 29, "percent_covered": 0.0, "percent_covered_display": "0", "missing_lines": 29, "excluded_lines": 0}, "missing_lines": [3, 4, 5, 6, 7, 8, 9, 11, 12, 13, 15, 18, 22, 60, 79, 102, 106, 121, 152, 181, 293, 361, 365, 369, 373, 377, 389, 399, 417], "excluded_lines": []}}, "classes": {"ModelManager": {"executed_lines": [], "summary": {"covered_lines": 0, "num_statements": 180, "percent_covered": 0.0, "percent_covered_display": "0", "missing_lines": 180, "excluded_lines": 0}, "missing_lines": [62, 63, 66, 67, 70, 71, 72, 75, 77, 81, 83, 84, 86, 87, 88, 91, 92, 95, 97, 99, 100, 104, 108, 109, 110, 112, 114, 115, 117, 119, 132, 133, 134, 136, 137, 140, 141, 142, 144, 145, 146, 148, 149, 150, 154, 155, 156, 158, 160, 167, 168, 169, 170, 172, 173, 175, 176, 177, 178, 179, 183, 185, 186, 188, 191, 192, 195, 196, 199, 200, 203, 204, 205, 206, 207, 208, 209, 210, 213, 214, 217, 220, 225, 226, 227, 228, 239, 240, 242, 243, 245, 246, 247, 248, 249, 250, 251, 252, 253, 254, 255, 256, 257, 258, 259, 260, 261, 263, 266, 268, 271, 273, 274, 279, 280, 281, 283, 285, 286, 288, 289, 290, 291, 295, 297, 298, 301, 304, 306, 307, 308, 309, 311, 314, 315, 318, 319, 320, 321, 322, 323, 324, 327, 337, 339, 342, 343, 344, 349, 350, 351, 353, 354, 356, 357, 358, 359, 363, 367, 371, 375, 379, 380, 381, 384, 385, 387, 391, 401, 402, 403, 404, 407, 408, 410, 411, 412, 414, 415, 419], "excluded_lines": []}, "": {"executed_lines": [], "summary": {"covered_lines": 0, "num_statements": 29, "percent_covered": 0.0, "percent_covered_display": "0", "missing_lines": 29, "excluded_lines": 0}, "missing_lines": [3, 4, 5, 6, 7, 8, 9, 11, 12, 13, 15, 18, 22, 60, 79, 102, 106, 121, 152, 181, 293, 361, 365, 369, 373, 377, 389, 399, 417], "excluded_lines": []}}}, "photo_restore/processors/__init__.py": {"executed_lines": [], "summary": {"covered_lines": 0, "num_statements": 0, "percent_covered": 100.0, "percent_covered_display": "100", "missing_lines": 0, "excluded_lines": 0}, "missing_lines": [], "excluded_lines": [], "functions": {"": {"executed_lines": [], "summary": {"covered_lines": 0, "num_statements": 0, "percent_covered": 100.0, "percent_covered_display": "100", "missing_lines": 0, "excluded_lines": 0}, "missing_lines": [], "excluded_lines": []}}, "classes": {"": {"executed_lines": [], "summary": {"covered_lines": 0, "num_statements": 0, "percent_covered": 100.0, "percent_covered_display": "100", "missing_lines": 0, "excluded_lines": 0}, "missing_lines": [], "excluded_lines": []}}}, "photo_restore/processors/batch_processor.py": {"executed_lines": [], "summary": {"covered_lines": 0, "num_statements": 121, "percent_covered": 0.0, "percent_covered_display": "0", "missing_lines": 121, "excluded_lines": 0}, "missing_lines": [3, 4, 5, 6, 8, 10, 11, 14, 17, 19, 20, 21, 24, 32, 57, 58, 60, 61, 62, 65, 66, 67, 68, 70, 71, 74, 77, 79, 80, 81, 83, 84, 87, 88, 89, 90, 91, 94, 97, 106, 107, 108, 109, 111, 112, 114, 115, 116, 119, 122, 123, 125, 127, 128, 130, 131, 132, 134, 136, 137, 139, 140, 141, 142, 144, 147, 149, 150, 152, 154, 156, 157, 158, 159, 161, 162, 163, 164, 165, 166, 167, 169, 170, 171, 173, 175, 198, 199, 202, 203, 204, 205, 206, 207, 208, 210, 212, 214, 215, 216, 218, 219, 222, 223, 224, 226, 229, 238, 239, 240, 242, 244, 245, 246, 249, 251, 252, 254, 256, 258, 260], "excluded_lines": [], "functions": {"BatchProcessor.__init__": {"executed_lines": [], "summary": {"covered_lines": 0, "num_statements": 4, "percent_covered": 0.0, "percent_covered_display": "0", "missing_lines": 4, "excluded_lines": 0}, "missing_lines": [19, 20, 21, 24], "excluded_lines": []}, "BatchProcessor.process_directory": {"executed_lines": [], "summary": {"covered_lines": 0, "num_statements": 37, "percent_covered": 0.0, "percent_covered_display": "0", "missing_lines": 37, "excluded_lines": 0}, "missing_lines": [57, 58, 60, 61, 62, 65, 66, 67, 68, 70, 71, 74, 77, 79, 80, 81, 83, 84, 87, 88, 89, 90, 91, 94, 97, 106, 107, 108, 109, 111, 112, 114, 115, 116, 119, 122, 123], "excluded_lines": []}, "BatchProcessor._find_image_files": {"executed_lines": [], "summary": {"covered_lines": 0, "num_statements": 17, "percent_covered": 0.0, "percent_covered_display": "0", "missing_lines": 17, "excluded_lines": 0}, "missing_lines": [127, 128, 130, 131, 132, 134, 136, 137, 139, 140, 141, 142, 144, 147, 149, 150, 152], "excluded_lines": []}, "BatchProcessor._log_batch_results": {"executed_lines": [], "summary": {"covered_lines": 0, "num_statements": 15, "percent_covered": 0.0, "percent_covered_display": "0", "missing_lines": 15, "excluded_lines": 0}, "missing_lines": [156, 157, 158, 159, 161, 162, 163, 164, 165, 166, 167, 169, 170, 171, 173], "excluded_lines": []}, "BatchProcessor.process_file_list": {"executed_lines": [], "summary": {"covered_lines": 0, "num_statements": 31, "percent_covered": 0.0, "percent_covered_display": "0", "missing_lines": 31, "excluded_lines": 0}, "missing_lines": [198, 199, 202, 203, 204, 205, 206, 207, 208, 210, 212, 214, 215, 216, 218, 219, 222, 223, 224, 226, 229, 238, 239, 240, 242, 244, 245, 246, 249, 251, 252], "excluded_lines": []}, "BatchProcessor.get_stats": {"executed_lines": [], "summary": {"covered_lines": 0, "num_statements": 1, "percent_covered": 0.0, "percent_covered_display": "0", "missing_lines": 1, "excluded_lines": 0}, "missing_lines": [256], "excluded_lines": []}, "BatchProcessor.reset_stats": {"executed_lines": [], "summary": {"covered_lines": 0, "num_statements": 1, "percent_covered": 0.0, "percent_covered_display": "0", "missing_lines": 1, "excluded_lines": 0}, "missing_lines": [260], "excluded_lines": []}, "": {"executed_lines": [], "summary": {"covered_lines": 0, "num_statements": 15, "percent_covered": 0.0, "percent_covered_display": "0", "missing_lines": 15, "excluded_lines": 0}, "missing_lines": [3, 4, 5, 6, 8, 10, 11, 14, 17, 32, 125, 154, 175, 254, 258], "excluded_lines": []}}, "classes": {"BatchProcessor": {"executed_lines": [], "summary": {"covered_lines": 0, "num_statements": 106, "percent_covered": 0.0, "percent_covered_display": "0", "missing_lines": 106, "excluded_lines": 0}, "missing_lines": [19, 20, 21, 24, 57, 58, 60, 61, 62, 65, 66, 67, 68, 70, 71, 74, 77, 79, 80, 81, 83, 84, 87, 88, 89, 90, 91, 94, 97, 106, 107, 108, 109, 111, 112, 114, 115, 116, 119, 122, 123, 127, 128, 130, 131, 132, 134, 136, 137, 139, 140, 141, 142, 144, 147, 149, 150, 152, 156, 157, 158, 159, 161, 162, 163, 164, 165, 166, 167, 169, 170, 171, 173, 198, 199, 202, 203, 204, 205, 206, 207, 208, 210, 212, 214, 215, 216, 218, 219, 222, 223, 224, 226, 229, 238, 239, 240, 242, 244, 245, 246, 249, 251, 252, 256, 260], "excluded_lines": []}, "": {"executed_lines": [], "summary": {"covered_lines": 0, "num_statements": 15, "percent_covered": 0.0, "percent_covered_display": "0", "missing_lines": 15, "excluded_lines": 0}, "missing_lines": [3, 4, 5, 6, 8, 10, 11, 14, 17, 32, 125, 154, 175, 254, 258], "excluded_lines": []}}}, "photo_restore/processors/image_processor.py": {"executed_lines": [], "summary": {"covered_lines": 0, "num_statements": 189, "percent_covered": 0.0, "percent_covered_display": "0", "missing_lines": 189, "excluded_lines": 0}, "missing_lines": [3, 4, 5, 6, 7, 8, 10, 11, 12, 13, 15, 16, 17, 20, 23, 25, 26, 27, 30, 36, 61, 62, 64, 65, 68, 69, 70, 71, 73, 74, 77, 79, 80, 83, 84, 85, 86, 88, 89, 92, 93, 95, 96, 99, 101, 102, 104, 105, 106, 108, 110, 111, 112, 114, 116, 118, 119, 120, 121, 124, 125, 126, 127, 130, 131, 132, 133, 135, 136, 138, 139, 140, 142, 143, 145, 146, 147, 149, 152, 153, 156, 157, 159, 161, 163, 166, 167, 169, 171, 173, 175, 177, 178, 181, 186, 188, 190, 191, 192, 193, 194, 197, 198, 201, 202, 205, 206, 207, 208, 210, 213, 214, 215, 217, 219, 220, 221, 223, 224, 225, 226, 228, 230, 231, 232, 234, 236, 237, 238, 239, 240, 243, 244, 246, 254, 255, 256, 258, 260, 261, 262, 264, 266, 268, 269, 270, 272, 274, 275, 278, 279, 280, 281, 282, 283, 286, 287, 288, 289, 290, 293, 294, 295, 297, 298, 299, 300, 301, 303, 305, 307, 309, 311, 314, 315, 316, 317, 319, 322, 323, 324, 326, 327, 328, 330, 331, 332, 334, 336], "excluded_lines": [], "functions": {"ImageProcessor.__init__": {"executed_lines": [], "summary": {"covered_lines": 0, "num_statements": 4, "percent_covered": 0.0, "percent_covered_display": "0", "missing_lines": 4, "excluded_lines": 0}, "missing_lines": [25, 26, 27, 30], "excluded_lines": []}, "ImageProcessor.process_image": {"executed_lines": [], "summary": {"covered_lines": 0, "num_statements": 33, "percent_covered": 0.0, "percent_covered_display": "0", "missing_lines": 33, "excluded_lines": 0}, "missing_lines": [61, 62, 64, 65, 68, 69, 70, 71, 73, 74, 77, 79, 80, 83, 84, 85, 86, 88, 89, 92, 93, 95, 96, 99, 101, 102, 104, 105, 106, 108, 110, 111, 112], "excluded_lines": []}, "ImageProcessor._load_image": {"executed_lines": [], "summary": {"covered_lines": 0, "num_statements": 23, "percent_covered": 0.0, "percent_covered_display": "0", "missing_lines": 23, "excluded_lines": 0}, "missing_lines": [116, 118, 119, 120, 121, 124, 125, 126, 127, 130, 131, 132, 133, 135, 136, 138, 139, 140, 142, 143, 145, 146, 147], "excluded_lines": []}, "ImageProcessor._ensure_models_loaded": {"executed_lines": [], "summary": {"covered_lines": 0, "num_statements": 12, "percent_covered": 0.0, "percent_covered_display": "0", "missing_lines": 12, "excluded_lines": 0}, "missing_lines": [152, 153, 156, 157, 159, 161, 163, 166, 167, 169, 171, 173], "excluded_lines": []}, "ImageProcessor._get_quality_settings": {"executed_lines": [], "summary": {"covered_lines": 0, "num_statements": 4, "percent_covered": 0.0, "percent_covered_display": "0", "missing_lines": 4, "excluded_lines": 0}, "missing_lines": [177, 178, 181, 186], "excluded_lines": []}, "ImageProcessor._apply_esrgan_enhancement": {"executed_lines": [], "summary": {"covered_lines": 0, "num_statements": 29, "percent_covered": 0.0, "percent_covered_display": "0", "missing_lines": 29, "excluded_lines": 0}, "missing_lines": [190, 191, 192, 193, 194, 197, 198, 201, 202, 205, 206, 207, 208, 210, 213, 214, 215, 217, 219, 220, 221, 223, 224, 225, 226, 228, 230, 231, 232], "excluded_lines": []}, "ImageProcessor._apply_face_enhancement": {"executed_lines": [], "summary": {"covered_lines": 0, "num_statements": 20, "percent_covered": 0.0, "percent_covered_display": "0", "missing_lines": 20, "excluded_lines": 0}, "missing_lines": [236, 237, 238, 239, 240, 243, 244, 246, 254, 255, 256, 258, 260, 261, 262, 264, 266, 268, 269, 270], "excluded_lines": []}, "ImageProcessor._process_with_tiling": {"executed_lines": [], "summary": {"covered_lines": 0, "num_statements": 23, "percent_covered": 0.0, "percent_covered_display": "0", "missing_lines": 23, "excluded_lines": 0}, "missing_lines": [274, 275, 278, 279, 280, 281, 282, 283, 286, 287, 288, 289, 290, 293, 294, 295, 297, 298, 299, 300, 301, 303, 305], "excluded_lines": []}, "ImageProcessor._save_image": {"executed_lines": [], "summary": {"covered_lines": 0, "num_statements": 16, "percent_covered": 0.0, "percent_covered_display": "0", "missing_lines": 16, "excluded_lines": 0}, "missing_lines": [309, 311, 314, 315, 316, 317, 319, 322, 323, 324, 326, 327, 328, 330, 331, 332], "excluded_lines": []}, "ImageProcessor.get_stats": {"executed_lines": [], "summary": {"covered_lines": 0, "num_statements": 1, "percent_covered": 0.0, "percent_covered_display": "0", "missing_lines": 1, "excluded_lines": 0}, "missing_lines": [336], "excluded_lines": []}, "": {"executed_lines": [], "summary": {"covered_lines": 0, "num_statements": 24, "percent_covered": 0.0, "percent_covered_display": "0", "missing_lines": 24, "excluded_lines": 0}, "missing_lines": [3, 4, 5, 6, 7, 8, 10, 11, 12, 13, 15, 16, 17, 20, 23, 36, 114, 149, 175, 188, 234, 272, 307, 334], "excluded_lines": []}}, "classes": {"ImageProcessor": {"executed_lines": [], "summary": {"covered_lines": 0, "num_statements": 165, "percent_covered": 0.0, "percent_covered_display": "0", "missing_lines": 165, "excluded_lines": 0}, "missing_lines": [25, 26, 27, 30, 61, 62, 64, 65, 68, 69, 70, 71, 73, 74, 77, 79, 80, 83, 84, 85, 86, 88, 89, 92, 93, 95, 96, 99, 101, 102, 104, 105, 106, 108, 110, 111, 112, 116, 118, 119, 120, 121, 124, 125, 126, 127, 130, 131, 132, 133, 135, 136, 138, 139, 140, 142, 143, 145, 146, 147, 152, 153, 156, 157, 159, 161, 163, 166, 167, 169, 171, 173, 177, 178, 181, 186, 190, 191, 192, 193, 194, 197, 198, 201, 202, 205, 206, 207, 208, 210, 213, 214, 215, 217, 219, 220, 221, 223, 224, 225, 226, 228, 230, 231, 232, 236, 237, 238, 239, 240, 243, 244, 246, 254, 255, 256, 258, 260, 261, 262, 264, 266, 268, 269, 270, 274, 275, 278, 279, 280, 281, 282, 283, 286, 287, 288, 289, 290, 293, 294, 295, 297, 298, 299, 300, 301, 303, 305, 309, 311, 314, 315, 316, 317, 319, 322, 323, 324, 326, 327, 328, 330, 331, 332, 336], "excluded_lines": []}, "": {"executed_lines": [], "summary": {"covered_lines": 0, "num_statements": 24, "percent_covered": 0.0, "percent_covered_display": "0", "missing_lines": 24, "excluded_lines": 0}, "missing_lines": [3, 4, 5, 6, 7, 8, 10, 11, 12, 13, 15, 16, 17, 20, 23, 36, 114, 149, 175, 188, 234, 272, 307, 334], "excluded_lines": []}}}, "photo_restore/utils/__init__.py": {"executed_lines": [1], "summary": {"covered_lines": 0, "num_statements": 0, "percent_covered": 100.0, "percent_covered_display": "100", "missing_lines": 0, "excluded_lines": 0}, "missing_lines": [], "excluded_lines": [], "functions": {"": {"executed_lines": [1], "summary": {"covered_lines": 0, "num_statements": 0, "percent_covered": 100.0, "percent_covered_display": "100", "missing_lines": 0, "excluded_lines": 0}, "missing_lines": [], "excluded_lines": []}}, "classes": {"": {"executed_lines": [1], "summary": {"covered_lines": 0, "num_statements": 0, "percent_covered": 100.0, "percent_covered_display": "100", "missing_lines": 0, "excluded_lines": 0}, "missing_lines": [], "excluded_lines": []}}}, "photo_restore/utils/config.py": {"executed_lines": [1, 3, 4, 5, 6, 7, 10, 11, 12, 13, 14, 15, 16, 17, 18, 21, 22, 23, 24, 25, 26, 27, 28, 31, 32, 33, 34, 35, 36, 37, 40, 41, 43, 45, 46, 47, 49, 52, 69, 70, 88, 120], "summary": {"covered_lines": 37, "num_statements": 66, "percent_covered": 56.06060606060606, "percent_covered_display": "56", "missing_lines": 29, "excluded_lines": 0}, "missing_lines": [50, 54, 55, 56, 57, 59, 60, 61, 62, 64, 65, 66, 67, 72, 75, 76, 77, 80, 81, 82, 83, 84, 86, 90, 115, 117, 118, 122, 139], "excluded_lines": [], "functions": {"Config.__init__": {"executed_lines": [45, 46, 47, 49], "summary": {"covered_lines": 4, "num_statements": 5, "percent_covered": 80.0, "percent_covered_display": "80", "missing_lines": 1, "excluded_lines": 0}, "missing_lines": [50], "excluded_lines": []}, "Config._update_from_dict": {"executed_lines": [], "summary": {"covered_lines": 0, "num_statements": 12, "percent_covered": 0.0, "percent_covered_display": "0", "missing_lines": 12, "excluded_lines": 0}, "missing_lines": [54, 55, 56, 57, 59, 60, 61, 62, 64, 65, 66, 67], "excluded_lines": []}, "Config.load": {"executed_lines": [], "summary": {"covered_lines": 0, "num_statements": 10, "percent_covered": 0.0, "percent_covered_display": "0", "missing_lines": 10, "excluded_lines": 0}, "missing_lines": [72, 75, 76, 77, 80, 81, 82, 83, 84, 86], "excluded_lines": []}, "Config.save": {"executed_lines": [], "summary": {"covered_lines": 0, "num_statements": 4, "percent_covered": 0.0, "percent_covered_display": "0", "missing_lines": 4, "excluded_lines": 0}, "missing_lines": [90, 115, 117, 118], "excluded_lines": []}, "Config.get_quality_settings": {"executed_lines": [], "summary": {"covered_lines": 0, "num_statements": 2, "percent_covered": 0.0, "percent_covered_display": "0", "missing_lines": 2, "excluded_lines": 0}, "missing_lines": [122, 139], "excluded_lines": []}, "": {"executed_lines": [1, 3, 4, 5, 6, 7, 10, 11, 12, 13, 14, 15, 16, 17, 18, 21, 22, 23, 24, 25, 26, 27, 28, 31, 32, 33, 34, 35, 36, 37, 40, 41, 43, 52, 69, 70, 88, 120], "summary": {"covered_lines": 33, "num_statements": 33, "percent_covered": 100.0, "percent_covered_display": "100", "missing_lines": 0, "excluded_lines": 0}, "missing_lines": [], "excluded_lines": []}}, "classes": {"ProcessingConfig": {"executed_lines": [], "summary": {"covered_lines": 0, "num_statements": 0, "percent_covered": 100.0, "percent_covered_display": "100", "missing_lines": 0, "excluded_lines": 0}, "missing_lines": [], "excluded_lines": []}, "ModelConfig": {"executed_lines": [], "summary": {"covered_lines": 0, "num_statements": 0, "percent_covered": 100.0, "percent_covered_display": "100", "missing_lines": 0, "excluded_lines": 0}, "missing_lines": [], "excluded_lines": []}, "LoggingConfig": {"executed_lines": [], "summary": {"covered_lines": 0, "num_statements": 0, "percent_covered": 100.0, "percent_covered_display": "100", "missing_lines": 0, "excluded_lines": 0}, "missing_lines": [], "excluded_lines": []}, "Config": {"executed_lines": [45, 46, 47, 49], "summary": {"covered_lines": 4, "num_statements": 33, "percent_covered": 12.121212121212121, "percent_covered_display": "12", "missing_lines": 29, "excluded_lines": 0}, "missing_lines": [50, 54, 55, 56, 57, 59, 60, 61, 62, 64, 65, 66, 67, 72, 75, 76, 77, 80, 81, 82, 83, 84, 86, 90, 115, 117, 118, 122, 139], "excluded_lines": []}, "": {"executed_lines": [1, 3, 4, 5, 6, 7, 10, 11, 12, 13, 14, 15, 16, 17, 18, 21, 22, 23, 24, 25, 26, 27, 28, 31, 32, 33, 34, 35, 36, 37, 40, 41, 43, 52, 69, 70, 88, 120], "summary": {"covered_lines": 33, "num_statements": 33, "percent_covered": 100.0, "percent_covered_display": "100", "missing_lines": 0, "excluded_lines": 0}, "missing_lines": [], "excluded_lines": []}}}, "photo_restore/utils/cpu_optimizer.py": {"executed_lines": [], "summary": {"covered_lines": 0, "num_statements": 174, "percent_covered": 0.0, "percent_covered_display": "0", "missing_lines": 174, "excluded_lines": 0}, "missing_lines": [3, 4, 5, 6, 7, 8, 9, 10, 12, 13, 16, 19, 21, 22, 25, 26, 29, 30, 32, 34, 36, 37, 38, 41, 42, 43, 44, 47, 49, 51, 52, 54, 56, 62, 64, 66, 74, 76, 77, 79, 81, 82, 84, 86, 89, 90, 93, 94, 95, 98, 99, 101, 102, 105, 107, 108, 109, 111, 112, 114, 115, 117, 118, 120, 121, 123, 124, 127, 128, 130, 134, 136, 137, 139, 140, 142, 147, 148, 152, 155, 156, 157, 160, 163, 166, 167, 169, 173, 175, 177, 179, 180, 181, 182, 184, 185, 186, 187, 188, 189, 190, 191, 193, 195, 197, 198, 200, 202, 204, 214, 217, 219, 220, 222, 241, 244, 248, 249, 250, 253, 255, 258, 260, 261, 263, 266, 267, 268, 271, 272, 274, 275, 277, 280, 282, 285, 286, 288, 289, 290, 291, 292, 293, 296, 297, 299, 301, 304, 305, 308, 309, 311, 312, 315, 316, 319, 321, 322, 325, 326, 329, 330, 331, 332, 333, 334, 335, 338, 339, 340, 343, 344, 345, 347], "excluded_lines": [], "functions": {"CPUOptimizer.__init__": {"executed_lines": [], "summary": {"covered_lines": 0, "num_statements": 6, "percent_covered": 0.0, "percent_covered_display": "0", "missing_lines": 6, "excluded_lines": 0}, "missing_lines": [21, 22, 25, 26, 29, 30], "excluded_lines": []}, "CPUOptimizer._setup_cpu_threads": {"executed_lines": [], "summary": {"covered_lines": 0, "num_statements": 12, "percent_covered": 0.0, "percent_covered_display": "0", "missing_lines": 12, "excluded_lines": 0}, "missing_lines": [34, 36, 37, 38, 41, 42, 43, 44, 47, 49, 51, 52], "excluded_lines": []}, "CPUOptimizer._setup_memory_monitoring": {"executed_lines": [], "summary": {"covered_lines": 0, "num_statements": 1, "percent_covered": 0.0, "percent_covered_display": "0", "missing_lines": 1, "excluded_lines": 0}, "missing_lines": [56], "excluded_lines": []}, "CPUOptimizer.get_memory_usage": {"executed_lines": [], "summary": {"covered_lines": 0, "num_statements": 2, "percent_covered": 0.0, "percent_covered_display": "0", "missing_lines": 2, "excluded_lines": 0}, "missing_lines": [64, 66], "excluded_lines": []}, "CPUOptimizer.check_memory_pressure": {"executed_lines": [], "summary": {"covered_lines": 0, "num_statements": 2, "percent_covered": 0.0, "percent_covered_display": "0", "missing_lines": 2, "excluded_lines": 0}, "missing_lines": [76, 77], "excluded_lines": []}, "CPUOptimizer.cleanup_memory": {"executed_lines": [], "summary": {"covered_lines": 0, "num_statements": 17, "percent_covered": 0.0, "percent_covered_display": "0", "missing_lines": 17, "excluded_lines": 0}, "missing_lines": [81, 82, 84, 86, 89, 90, 93, 94, 95, 98, 99, 101, 102, 105, 107, 108, 109], "excluded_lines": []}, "CPUOptimizer.memory_context": {"executed_lines": [], "summary": {"covered_lines": 0, "num_statements": 11, "percent_covered": 0.0, "percent_covered_display": "0", "missing_lines": 11, "excluded_lines": 0}, "missing_lines": [114, 115, 117, 118, 120, 121, 123, 124, 127, 128, 130], "excluded_lines": []}, "CPUOptimizer.optimize_numpy_arrays": {"executed_lines": [], "summary": {"covered_lines": 0, "num_statements": 4, "percent_covered": 0.0, "percent_covered_display": "0", "missing_lines": 4, "excluded_lines": 0}, "missing_lines": [136, 137, 139, 140], "excluded_lines": []}, "CPUOptimizer.get_optimal_tile_size": {"executed_lines": [], "summary": {"covered_lines": 0, "num_statements": 12, "percent_covered": 0.0, "percent_covered_display": "0", "missing_lines": 12, "excluded_lines": 0}, "missing_lines": [147, 148, 152, 155, 156, 157, 160, 163, 166, 167, 169, 173], "excluded_lines": []}, "CPUOptimizer.warmup_models": {"executed_lines": [], "summary": {"covered_lines": 0, "num_statements": 17, "percent_covered": 0.0, "percent_covered_display": "0", "missing_lines": 17, "excluded_lines": 0}, "missing_lines": [177, 179, 180, 181, 182, 184, 185, 186, 187, 188, 189, 190, 191, 193, 195, 197, 198], "excluded_lines": []}, "CPUOptimizer.get_performance_stats": {"executed_lines": [], "summary": {"covered_lines": 0, "num_statements": 2, "percent_covered": 0.0, "percent_covered_display": "0", "missing_lines": 2, "excluded_lines": 0}, "missing_lines": [202, 204], "excluded_lines": []}, "TileProcessor.__init__": {"executed_lines": [], "summary": {"covered_lines": 0, "num_statements": 2, "percent_covered": 0.0, "percent_covered_display": "0", "missing_lines": 2, "excluded_lines": 0}, "missing_lines": [219, 220], "excluded_lines": []}, "TileProcessor.process_with_tiles": {"executed_lines": [], "summary": {"covered_lines": 0, "num_statements": 20, "percent_covered": 0.0, "percent_covered_display": "0", "missing_lines": 20, "excluded_lines": 0}, "missing_lines": [241, 244, 248, 249, 250, 253, 255, 258, 260, 261, 263, 266, 267, 268, 271, 272, 274, 275, 277, 280], "excluded_lines": []}, "TileProcessor._calculate_tiles": {"executed_lines": [], "summary": {"covered_lines": 0, "num_statements": 11, "percent_covered": 0.0, "percent_covered_display": "0", "missing_lines": 11, "excluded_lines": 0}, "missing_lines": [285, 286, 288, 289, 290, 291, 292, 293, 296, 297, 299], "excluded_lines": []}, "TileProcessor._reconstruct_from_tiles": {"executed_lines": [], "summary": {"covered_lines": 0, "num_statements": 27, "percent_covered": 0.0, "percent_covered_display": "0", "missing_lines": 27, "excluded_lines": 0}, "missing_lines": [304, 305, 308, 309, 311, 312, 315, 316, 319, 321, 322, 325, 326, 329, 330, 331, 332, 333, 334, 335, 338, 339, 340, 343, 344, 345, 347], "excluded_lines": []}, "": {"executed_lines": [], "summary": {"covered_lines": 0, "num_statements": 28, "percent_covered": 0.0, "percent_covered_display": "0", "missing_lines": 28, "excluded_lines": 0}, "missing_lines": [3, 4, 5, 6, 7, 8, 9, 10, 12, 13, 16, 19, 32, 54, 62, 74, 79, 111, 112, 134, 142, 175, 200, 214, 217, 222, 282, 301], "excluded_lines": []}}, "classes": {"CPUOptimizer": {"executed_lines": [], "summary": {"covered_lines": 0, "num_statements": 86, "percent_covered": 0.0, "percent_covered_display": "0", "missing_lines": 86, "excluded_lines": 0}, "missing_lines": [21, 22, 25, 26, 29, 30, 34, 36, 37, 38, 41, 42, 43, 44, 47, 49, 51, 52, 56, 64, 66, 76, 77, 81, 82, 84, 86, 89, 90, 93, 94, 95, 98, 99, 101, 102, 105, 107, 108, 109, 114, 115, 117, 118, 120, 121, 123, 124, 127, 128, 130, 136, 137, 139, 140, 147, 148, 152, 155, 156, 157, 160, 163, 166, 167, 169, 173, 177, 179, 180, 181, 182, 184, 185, 186, 187, 188, 189, 190, 191, 193, 195, 197, 198, 202, 204], "excluded_lines": []}, "TileProcessor": {"executed_lines": [], "summary": {"covered_lines": 0, "num_statements": 60, "percent_covered": 0.0, "percent_covered_display": "0", "missing_lines": 60, "excluded_lines": 0}, "missing_lines": [219, 220, 241, 244, 248, 249, 250, 253, 255, 258, 260, 261, 263, 266, 267, 268, 271, 272, 274, 275, 277, 280, 285, 286, 288, 289, 290, 291, 292, 293, 296, 297, 299, 304, 305, 308, 309, 311, 312, 315, 316, 319, 321, 322, 325, 326, 329, 330, 331, 332, 333, 334, 335, 338, 339, 340, 343, 344, 345, 347], "excluded_lines": []}, "": {"executed_lines": [], "summary": {"covered_lines": 0, "num_statements": 28, "percent_covered": 0.0, "percent_covered_display": "0", "missing_lines": 28, "excluded_lines": 0}, "missing_lines": [3, 4, 5, 6, 7, 8, 9, 10, 12, 13, 16, 19, 32, 54, 62, 74, 79, 111, 112, 134, 142, 175, 200, 214, 217, 222, 282, 301], "excluded_lines": []}}}, "photo_restore/utils/esrgan_debug.py": {"executed_lines": [], "summary": {"covered_lines": 0, "num_statements": 128, "percent_covered": 0.0, "percent_covered_display": "0", "missing_lines": 128, "excluded_lines": 0}, "missing_lines": [3, 4, 5, 7, 10, 12, 15, 16, 17, 20, 28, 29, 30, 32, 33, 34, 35, 38, 39, 40, 42, 46, 47, 49, 50, 51, 52, 54, 57, 59, 61, 62, 63, 66, 69, 78, 79, 81, 83, 84, 85, 86, 89, 91, 92, 93, 95, 96, 97, 99, 101, 103, 104, 106, 107, 108, 111, 112, 113, 114, 115, 116, 118, 119, 121, 122, 123, 126, 127, 128, 130, 132, 133, 135, 136, 137, 138, 141, 143, 146, 147, 148, 149, 152, 153, 154, 155, 158, 159, 162, 163, 165, 166, 168, 171, 173, 174, 175, 176, 178, 179, 181, 183, 184, 185, 187, 189, 190, 191, 192, 195, 197, 198, 200, 203, 204, 205, 206, 208, 209, 210, 211, 212, 214, 215, 217, 220, 221], "excluded_lines": [], "functions": {"debug_model_constructor": {"executed_lines": [], "summary": {"covered_lines": 0, "num_statements": 23, "percent_covered": 0.0, "percent_covered_display": "0", "missing_lines": 23, "excluded_lines": 0}, "missing_lines": [12, 15, 16, 17, 20, 28, 29, 30, 32, 33, 34, 35, 38, 39, 40, 42, 46, 47, 49, 50, 51, 52, 54], "excluded_lines": []}, "debug_realesrganer_constructor": {"executed_lines": [], "summary": {"covered_lines": 0, "num_statements": 13, "percent_covered": 0.0, "percent_covered_display": "0", "missing_lines": 13, "excluded_lines": 0}, "missing_lines": [59, 61, 62, 63, 66, 69, 78, 79, 81, 83, 84, 85, 86], "excluded_lines": []}, "debug_state_dict_loading": {"executed_lines": [], "summary": {"covered_lines": 0, "num_statements": 34, "percent_covered": 0.0, "percent_covered_display": "0", "missing_lines": 34, "excluded_lines": 0}, "missing_lines": [91, 92, 93, 95, 96, 97, 99, 101, 103, 104, 106, 107, 108, 111, 112, 113, 114, 115, 116, 118, 119, 121, 122, 123, 126, 127, 128, 130, 132, 133, 135, 136, 137, 138], "excluded_lines": []}, "debug_manual_model_loading": {"executed_lines": [], "summary": {"covered_lines": 0, "num_statements": 32, "percent_covered": 0.0, "percent_covered_display": "0", "missing_lines": 32, "excluded_lines": 0}, "missing_lines": [143, 146, 147, 148, 149, 152, 153, 154, 155, 158, 159, 162, 163, 165, 166, 168, 171, 173, 174, 175, 176, 178, 179, 181, 183, 184, 185, 187, 189, 190, 191, 192], "excluded_lines": []}, "run_complete_diagnosis": {"executed_lines": [], "summary": {"covered_lines": 0, "num_statements": 15, "percent_covered": 0.0, "percent_covered_display": "0", "missing_lines": 15, "excluded_lines": 0}, "missing_lines": [197, 198, 200, 203, 204, 205, 206, 208, 209, 210, 211, 212, 214, 215, 217], "excluded_lines": []}, "": {"executed_lines": [], "summary": {"covered_lines": 0, "num_statements": 11, "percent_covered": 0.0, "percent_covered_display": "0", "missing_lines": 11, "excluded_lines": 0}, "missing_lines": [3, 4, 5, 7, 10, 57, 89, 141, 195, 220, 221], "excluded_lines": []}}, "classes": {"": {"executed_lines": [], "summary": {"covered_lines": 0, "num_statements": 128, "percent_covered": 0.0, "percent_covered_display": "0", "missing_lines": 128, "excluded_lines": 0}, "missing_lines": [3, 4, 5, 7, 10, 12, 15, 16, 17, 20, 28, 29, 30, 32, 33, 34, 35, 38, 39, 40, 42, 46, 47, 49, 50, 51, 52, 54, 57, 59, 61, 62, 63, 66, 69, 78, 79, 81, 83, 84, 85, 86, 89, 91, 92, 93, 95, 96, 97, 99, 101, 103, 104, 106, 107, 108, 111, 112, 113, 114, 115, 116, 118, 119, 121, 122, 123, 126, 127, 128, 130, 132, 133, 135, 136, 137, 138, 141, 143, 146, 147, 148, 149, 152, 153, 154, 155, 158, 159, 162, 163, 165, 166, 168, 171, 173, 174, 175, 176, 178, 179, 181, 183, 184, 185, 187, 189, 190, 191, 192, 195, 197, 198, 200, 203, 204, 205, 206, 208, 209, 210, 211, 212, 214, 215, 217, 220, 221], "excluded_lines": []}}}, "photo_restore/utils/face_detection.py": {"executed_lines": [], "summary": {"covered_lines": 0, "num_statements": 102, "percent_covered": 0.0, "percent_covered_display": "0", "missing_lines": 102, "excluded_lines": 0}, "missing_lines": [3, 4, 5, 7, 8, 9, 11, 12, 13, 14, 15, 18, 21, 35, 36, 37, 40, 41, 43, 45, 46, 48, 52, 53, 56, 59, 60, 62, 63, 65, 68, 69, 71, 81, 83, 84, 85, 87, 89, 90, 92, 94, 95, 96, 98, 101, 103, 104, 109, 110, 111, 112, 118, 120, 122, 125, 128, 136, 137, 138, 144, 146, 148, 153, 155, 156, 157, 158, 159, 161, 162, 164, 166, 168, 170, 171, 173, 174, 176, 177, 178, 179, 180, 181, 183, 185, 200, 201, 204, 205, 208, 209, 212, 213, 214, 215, 218, 220, 227, 230, 233, 235], "excluded_lines": [], "functions": {"CPUFaceDetector.__init__": {"executed_lines": [], "summary": {"covered_lines": 0, "num_statements": 5, "percent_covered": 0.0, "percent_covered_display": "0", "missing_lines": 5, "excluded_lines": 0}, "missing_lines": [35, 36, 37, 40, 41], "excluded_lines": []}, "CPUFaceDetector._init_detector": {"executed_lines": [], "summary": {"covered_lines": 0, "num_statements": 13, "percent_covered": 0.0, "percent_covered_display": "0", "missing_lines": 13, "excluded_lines": 0}, "missing_lines": [45, 46, 48, 52, 53, 56, 59, 60, 62, 63, 65, 68, 69], "excluded_lines": []}, "CPUFaceDetector.detect_faces": {"executed_lines": [], "summary": {"covered_lines": 0, "num_statements": 11, "percent_covered": 0.0, "percent_covered_display": "0", "missing_lines": 11, "excluded_lines": 0}, "missing_lines": [81, 83, 84, 85, 87, 89, 90, 92, 94, 95, 96], "excluded_lines": []}, "CPUFaceDetector._detect_retinaface": {"executed_lines": [], "summary": {"covered_lines": 0, "num_statements": 9, "percent_covered": 0.0, "percent_covered_display": "0", "missing_lines": 9, "excluded_lines": 0}, "missing_lines": [101, 103, 104, 109, 110, 111, 112, 118, 120], "excluded_lines": []}, "CPUFaceDetector._detect_opencv": {"executed_lines": [], "summary": {"covered_lines": 0, "num_statements": 7, "percent_covered": 0.0, "percent_covered_display": "0", "missing_lines": 7, "excluded_lines": 0}, "missing_lines": [125, 128, 136, 137, 138, 144, 146], "excluded_lines": []}, "CPUFaceDetector.filter_faces_by_size": {"executed_lines": [], "summary": {"covered_lines": 0, "num_statements": 10, "percent_covered": 0.0, "percent_covered_display": "0", "missing_lines": 10, "excluded_lines": 0}, "missing_lines": [153, 155, 156, 157, 158, 159, 161, 162, 164, 166], "excluded_lines": []}, "CPUFaceDetector.get_largest_face": {"executed_lines": [], "summary": {"covered_lines": 0, "num_statements": 11, "percent_covered": 0.0, "percent_covered_display": "0", "missing_lines": 11, "excluded_lines": 0}, "missing_lines": [170, 171, 173, 174, 176, 177, 178, 179, 180, 181, 183], "excluded_lines": []}, "CPUFaceDetector.crop_face_region": {"executed_lines": [], "summary": {"covered_lines": 0, "num_statements": 13, "percent_covered": 0.0, "percent_covered_display": "0", "missing_lines": 13, "excluded_lines": 0}, "missing_lines": [200, 201, 204, 205, 208, 209, 212, 213, 214, 215, 218, 220, 227], "excluded_lines": []}, "create_face_detector": {"executed_lines": [], "summary": {"covered_lines": 0, "num_statements": 2, "percent_covered": 0.0, "percent_covered_display": "0", "missing_lines": 2, "excluded_lines": 0}, "missing_lines": [233, 235], "excluded_lines": []}, "": {"executed_lines": [], "summary": {"covered_lines": 0, "num_statements": 21, "percent_covered": 0.0, "percent_covered_display": "0", "missing_lines": 21, "excluded_lines": 0}, "missing_lines": [3, 4, 5, 7, 8, 9, 11, 12, 13, 14, 15, 18, 21, 43, 71, 98, 122, 148, 168, 185, 230], "excluded_lines": []}}, "classes": {"CPUFaceDetector": {"executed_lines": [], "summary": {"covered_lines": 0, "num_statements": 79, "percent_covered": 0.0, "percent_covered_display": "0", "missing_lines": 79, "excluded_lines": 0}, "missing_lines": [35, 36, 37, 40, 41, 45, 46, 48, 52, 53, 56, 59, 60, 62, 63, 65, 68, 69, 81, 83, 84, 85, 87, 89, 90, 92, 94, 95, 96, 101, 103, 104, 109, 110, 111, 112, 118, 120, 125, 128, 136, 137, 138, 144, 146, 153, 155, 156, 157, 158, 159, 161, 162, 164, 166, 170, 171, 173, 174, 176, 177, 178, 179, 180, 181, 183, 200, 201, 204, 205, 208, 209, 212, 213, 214, 215, 218, 220, 227], "excluded_lines": []}, "": {"executed_lines": [], "summary": {"covered_lines": 0, "num_statements": 23, "percent_covered": 0.0, "percent_covered_display": "0", "missing_lines": 23, "excluded_lines": 0}, "missing_lines": [3, 4, 5, 7, 8, 9, 11, 12, 13, 14, 15, 18, 21, 43, 71, 98, 122, 148, 168, 185, 230, 233, 235], "excluded_lines": []}}}, "photo_restore/utils/file_utils.py": {"executed_lines": [], "summary": {"covered_lines": 0, "num_statements": 118, "percent_covered": 0.0, "percent_covered_display": "0", "missing_lines": 118, "excluded_lines": 0}, "missing_lines": [3, 4, 5, 6, 7, 8, 10, 12, 15, 16, 19, 33, 35, 36, 38, 39, 41, 42, 44, 47, 65, 67, 68, 69, 71, 74, 75, 78, 79, 80, 82, 85, 86, 87, 88, 90, 93, 107, 109, 110, 112, 113, 115, 117, 118, 119, 120, 122, 123, 124, 126, 129, 131, 134, 145, 147, 148, 149, 151, 154, 162, 164, 166, 169, 170, 172, 173, 174, 177, 184, 186, 187, 188, 189, 190, 191, 192, 194, 195, 198, 208, 209, 210, 213, 223, 224, 225, 228, 238, 241, 251, 252, 253, 254, 255, 258, 261, 262, 263, 264, 266, 267, 268, 270, 271, 273, 275, 276, 278, 279, 280, 282, 284, 285, 287, 288, 289, 291], "excluded_lines": [], "functions": {"validate_image_path": {"executed_lines": [], "summary": {"covered_lines": 0, "num_statements": 8, "percent_covered": 0.0, "percent_covered_display": "0", "missing_lines": 8, "excluded_lines": 0}, "missing_lines": [33, 35, 36, 38, 39, 41, 42, 44], "excluded_lines": []}, "generate_output_path": {"executed_lines": [], "summary": {"covered_lines": 0, "num_statements": 16, "percent_covered": 0.0, "percent_covered_display": "0", "missing_lines": 16, "excluded_lines": 0}, "missing_lines": [65, 67, 68, 69, 71, 74, 75, 78, 79, 80, 82, 85, 86, 87, 88, 90], "excluded_lines": []}, "find_images_in_directory": {"executed_lines": [], "summary": {"covered_lines": 0, "num_statements": 14, "percent_covered": 0.0, "percent_covered_display": "0", "missing_lines": 14, "excluded_lines": 0}, "missing_lines": [107, 109, 110, 112, 113, 115, 117, 118, 119, 120, 122, 123, 124, 126], "excluded_lines": []}, "get_file_size": {"executed_lines": [], "summary": {"covered_lines": 0, "num_statements": 1, "percent_covered": 0.0, "percent_covered_display": "0", "missing_lines": 1, "excluded_lines": 0}, "missing_lines": [131], "excluded_lines": []}, "get_file_hash": {"executed_lines": [], "summary": {"covered_lines": 0, "num_statements": 5, "percent_covered": 0.0, "percent_covered_display": "0", "missing_lines": 5, "excluded_lines": 0}, "missing_lines": [145, 147, 148, 149, 151], "excluded_lines": []}, "safe_copy": {"executed_lines": [], "summary": {"covered_lines": 0, "num_statements": 8, "percent_covered": 0.0, "percent_covered_display": "0", "missing_lines": 8, "excluded_lines": 0}, "missing_lines": [162, 164, 166, 169, 170, 172, 173, 174], "excluded_lines": []}, "safe_remove": {"executed_lines": [], "summary": {"covered_lines": 0, "num_statements": 10, "percent_covered": 0.0, "percent_covered_display": "0", "missing_lines": 10, "excluded_lines": 0}, "missing_lines": [184, 186, 187, 188, 189, 190, 191, 192, 194, 195], "excluded_lines": []}, "create_temp_dir": {"executed_lines": [], "summary": {"covered_lines": 0, "num_statements": 3, "percent_covered": 0.0, "percent_covered_display": "0", "missing_lines": 3, "excluded_lines": 0}, "missing_lines": [208, 209, 210], "excluded_lines": []}, "ensure_directory": {"executed_lines": [], "summary": {"covered_lines": 0, "num_statements": 3, "percent_covered": 0.0, "percent_covered_display": "0", "missing_lines": 3, "excluded_lines": 0}, "missing_lines": [223, 224, 225], "excluded_lines": []}, "get_available_space": {"executed_lines": [], "summary": {"covered_lines": 0, "num_statements": 1, "percent_covered": 0.0, "percent_covered_display": "0", "missing_lines": 1, "excluded_lines": 0}, "missing_lines": [238], "excluded_lines": []}, "format_file_size": {"executed_lines": [], "summary": {"covered_lines": 0, "num_statements": 5, "percent_covered": 0.0, "percent_covered_display": "0", "missing_lines": 5, "excluded_lines": 0}, "missing_lines": [251, 252, 253, 254, 255], "excluded_lines": []}, "TempFileManager.__init__": {"executed_lines": [], "summary": {"covered_lines": 0, "num_statements": 3, "percent_covered": 0.0, "percent_covered_display": "0", "missing_lines": 3, "excluded_lines": 0}, "missing_lines": [262, 263, 264], "excluded_lines": []}, "TempFileManager.__enter__": {"executed_lines": [], "summary": {"covered_lines": 0, "num_statements": 2, "percent_covered": 0.0, "percent_covered_display": "0", "missing_lines": 2, "excluded_lines": 0}, "missing_lines": [267, 268], "excluded_lines": []}, "TempFileManager.__exit__": {"executed_lines": [], "summary": {"covered_lines": 0, "num_statements": 1, "percent_covered": 0.0, "percent_covered_display": "0", "missing_lines": 1, "excluded_lines": 0}, "missing_lines": [271], "excluded_lines": []}, "TempFileManager.create_temp_file": {"executed_lines": [], "summary": {"covered_lines": 0, "num_statements": 5, "percent_covered": 0.0, "percent_covered_display": "0", "missing_lines": 5, "excluded_lines": 0}, "missing_lines": [275, 276, 278, 279, 280], "excluded_lines": []}, "TempFileManager.cleanup": {"executed_lines": [], "summary": {"covered_lines": 0, "num_statements": 6, "percent_covered": 0.0, "percent_covered_display": "0", "missing_lines": 6, "excluded_lines": 0}, "missing_lines": [284, 285, 287, 288, 289, 291], "excluded_lines": []}, "": {"executed_lines": [], "summary": {"covered_lines": 0, "num_statements": 27, "percent_covered": 0.0, "percent_covered_display": "0", "missing_lines": 27, "excluded_lines": 0}, "missing_lines": [3, 4, 5, 6, 7, 8, 10, 12, 15, 16, 19, 47, 93, 129, 134, 154, 177, 198, 213, 228, 241, 258, 261, 266, 270, 273, 282], "excluded_lines": []}}, "classes": {"TempFileManager": {"executed_lines": [], "summary": {"covered_lines": 0, "num_statements": 17, "percent_covered": 0.0, "percent_covered_display": "0", "missing_lines": 17, "excluded_lines": 0}, "missing_lines": [262, 263, 264, 267, 268, 271, 275, 276, 278, 279, 280, 284, 285, 287, 288, 289, 291], "excluded_lines": []}, "": {"executed_lines": [], "summary": {"covered_lines": 0, "num_statements": 101, "percent_covered": 0.0, "percent_covered_display": "0", "missing_lines": 101, "excluded_lines": 0}, "missing_lines": [3, 4, 5, 6, 7, 8, 10, 12, 15, 16, 19, 33, 35, 36, 38, 39, 41, 42, 44, 47, 65, 67, 68, 69, 71, 74, 75, 78, 79, 80, 82, 85, 86, 87, 88, 90, 93, 107, 109, 110, 112, 113, 115, 117, 118, 119, 120, 122, 123, 124, 126, 129, 131, 134, 145, 147, 148, 149, 151, 154, 162, 164, 166, 169, 170, 172, 173, 174, 177, 184, 186, 187, 188, 189, 190, 191, 192, 194, 195, 198, 208, 209, 210, 213, 223, 224, 225, 228, 238, 241, 251, 252, 253, 254, 255, 258, 261, 266, 270, 273, 282], "excluded_lines": []}}}, "photo_restore/utils/image_utils.py": {"executed_lines": [], "summary": {"covered_lines": 0, "num_statements": 136, "percent_covered": 0.0, "percent_covered_display": "0", "missing_lines": 136, "excluded_lines": 0}, "missing_lines": [3, 4, 5, 6, 7, 8, 10, 12, 15, 28, 30, 32, 34, 37, 38, 41, 42, 44, 45, 47, 48, 51, 69, 71, 73, 74, 76, 79, 82, 83, 85, 88, 91, 92, 99, 100, 107, 109, 111, 112, 115, 125, 127, 128, 129, 141, 142, 143, 144, 146, 148, 149, 150, 153, 169, 171, 172, 174, 175, 178, 194, 196, 197, 199, 200, 201, 202, 204, 205, 207, 213, 214, 217, 233, 234, 236, 242, 243, 245, 246, 249, 259, 260, 263, 264, 266, 269, 272, 274, 277, 288, 289, 292, 295, 297, 300, 312, 313, 316, 332, 333, 335, 337, 338, 340, 341, 342, 343, 346, 349, 350, 351, 352, 354, 356, 359, 375, 376, 377, 379, 381, 382, 385, 388, 390, 392, 393, 394, 396, 397, 398, 401, 402, 405, 406, 408], "excluded_lines": [], "functions": {"load_image": {"executed_lines": [], "summary": {"covered_lines": 0, "num_statements": 12, "percent_covered": 0.0, "percent_covered_display": "0", "missing_lines": 12, "excluded_lines": 0}, "missing_lines": [28, 30, 32, 34, 37, 38, 41, 42, 44, 45, 47, 48], "excluded_lines": []}, "save_image": {"executed_lines": [], "summary": {"covered_lines": 0, "num_statements": 18, "percent_covered": 0.0, "percent_covered_display": "0", "missing_lines": 18, "excluded_lines": 0}, "missing_lines": [69, 71, 73, 74, 76, 79, 82, 83, 85, 88, 91, 92, 99, 100, 107, 109, 111, 112], "excluded_lines": []}, "get_image_info": {"executed_lines": [], "summary": {"covered_lines": 0, "num_statements": 12, "percent_covered": 0.0, "percent_covered_display": "0", "missing_lines": 12, "excluded_lines": 0}, "missing_lines": [125, 127, 128, 129, 141, 142, 143, 144, 146, 148, 149, 150], "excluded_lines": []}, "validate_image_dimensions": {"executed_lines": [], "summary": {"covered_lines": 0, "num_statements": 5, "percent_covered": 0.0, "percent_covered_display": "0", "missing_lines": 5, "excluded_lines": 0}, "missing_lines": [169, 171, 172, 174, 175], "excluded_lines": []}, "resize_image": {"executed_lines": [], "summary": {"covered_lines": 0, "num_statements": 12, "percent_covered": 0.0, "percent_covered_display": "0", "missing_lines": 12, "excluded_lines": 0}, "missing_lines": [194, 196, 197, 199, 200, 201, 202, 204, 205, 207, 213, 214], "excluded_lines": []}, "upscale_image": {"executed_lines": [], "summary": {"covered_lines": 0, "num_statements": 7, "percent_covered": 0.0, "percent_covered_display": "0", "missing_lines": 7, "excluded_lines": 0}, "missing_lines": [233, 234, 236, 242, 243, 245, 246], "excluded_lines": []}, "normalize_image": {"executed_lines": [], "summary": {"covered_lines": 0, "num_statements": 8, "percent_covered": 0.0, "percent_covered_display": "0", "missing_lines": 8, "excluded_lines": 0}, "missing_lines": [259, 260, 263, 264, 266, 269, 272, 274], "excluded_lines": []}, "apply_sharpening": {"executed_lines": [], "summary": {"covered_lines": 0, "num_statements": 5, "percent_covered": 0.0, "percent_covered_display": "0", "missing_lines": 5, "excluded_lines": 0}, "missing_lines": [288, 289, 292, 295, 297], "excluded_lines": []}, "enhance_contrast": {"executed_lines": [], "summary": {"covered_lines": 0, "num_statements": 2, "percent_covered": 0.0, "percent_covered_display": "0", "missing_lines": 2, "excluded_lines": 0}, "missing_lines": [312, 313], "excluded_lines": []}, "tile_image": {"executed_lines": [], "summary": {"covered_lines": 0, "num_statements": 16, "percent_covered": 0.0, "percent_covered_display": "0", "missing_lines": 16, "excluded_lines": 0}, "missing_lines": [332, 333, 335, 337, 338, 340, 341, 342, 343, 346, 349, 350, 351, 352, 354, 356], "excluded_lines": []}, "merge_tiles": {"executed_lines": [], "summary": {"covered_lines": 0, "num_statements": 20, "percent_covered": 0.0, "percent_covered_display": "0", "missing_lines": 20, "excluded_lines": 0}, "missing_lines": [375, 376, 377, 379, 381, 382, 385, 388, 390, 392, 393, 394, 396, 397, 398, 401, 402, 405, 406, 408], "excluded_lines": []}, "": {"executed_lines": [], "summary": {"covered_lines": 0, "num_statements": 19, "percent_covered": 0.0, "percent_covered_display": "0", "missing_lines": 19, "excluded_lines": 0}, "missing_lines": [3, 4, 5, 6, 7, 8, 10, 12, 15, 51, 115, 153, 178, 217, 249, 277, 300, 316, 359], "excluded_lines": []}}, "classes": {"": {"executed_lines": [], "summary": {"covered_lines": 0, "num_statements": 136, "percent_covered": 0.0, "percent_covered_display": "0", "missing_lines": 136, "excluded_lines": 0}, "missing_lines": [3, 4, 5, 6, 7, 8, 10, 12, 15, 28, 30, 32, 34, 37, 38, 41, 42, 44, 45, 47, 48, 51, 69, 71, 73, 74, 76, 79, 82, 83, 85, 88, 91, 92, 99, 100, 107, 109, 111, 112, 115, 125, 127, 128, 129, 141, 142, 143, 144, 146, 148, 149, 150, 153, 169, 171, 172, 174, 175, 178, 194, 196, 197, 199, 200, 201, 202, 204, 205, 207, 213, 214, 217, 233, 234, 236, 242, 243, 245, 246, 249, 259, 260, 263, 264, 266, 269, 272, 274, 277, 288, 289, 292, 295, 297, 300, 312, 313, 316, 332, 333, 335, 337, 338, 340, 341, 342, 343, 346, 349, 350, 351, 352, 354, 356, 359, 375, 376, 377, 379, 381, 382, 385, 388, 390, 392, 393, 394, 396, 397, 398, 401, 402, 405, 406, 408], "excluded_lines": []}}}, "photo_restore/utils/logger.py": {"executed_lines": [1, 3, 4, 5, 6, 7, 8, 9, 12, 13, 15, 22, 24, 31, 32, 34, 39, 44, 52, 115, 120, 131], "summary": {"covered_lines": 19, "num_statements": 60, "percent_covered": 31.666666666666668, "percent_covered_display": "32", "missing_lines": 41, "excluded_lines": 0}, "missing_lines": [26, 27, 28, 35, 36, 37, 40, 41, 42, 45, 46, 47, 49, 74, 75, 78, 81, 87, 90, 91, 92, 94, 95, 96, 99, 100, 101, 103, 108, 109, 110, 112, 117, 122, 123, 125, 126, 127, 128, 133, 134], "excluded_lines": [], "functions": {"ColoredFormatter.format": {"executed_lines": [], "summary": {"covered_lines": 0, "num_statements": 3, "percent_covered": 0.0, "percent_covered_display": "0", "missing_lines": 3, "excluded_lines": 0}, "missing_lines": [26, 27, 28], "excluded_lines": []}, "PerformanceLogger.__init__": {"executed_lines": [], "summary": {"covered_lines": 0, "num_statements": 3, "percent_covered": 0.0, "percent_covered_display": "0", "missing_lines": 3, "excluded_lines": 0}, "missing_lines": [35, 36, 37], "excluded_lines": []}, "PerformanceLogger.__enter__": {"executed_lines": [], "summary": {"covered_lines": 0, "num_statements": 3, "percent_covered": 0.0, "percent_covered_display": "0", "missing_lines": 3, "excluded_lines": 0}, "missing_lines": [40, 41, 42], "excluded_lines": []}, "PerformanceLogger.__exit__": {"executed_lines": [], "summary": {"covered_lines": 0, "num_statements": 4, "percent_covered": 0.0, "percent_covered_display": "0", "missing_lines": 4, "excluded_lines": 0}, "missing_lines": [45, 46, 47, 49], "excluded_lines": []}, "setup_logger": {"executed_lines": [], "summary": {"covered_lines": 0, "num_statements": 19, "percent_covered": 0.0, "percent_covered_display": "0", "missing_lines": 19, "excluded_lines": 0}, "missing_lines": [74, 75, 78, 81, 87, 90, 91, 92, 94, 95, 96, 99, 100, 101, 103, 108, 109, 110, 112], "excluded_lines": []}, "get_logger": {"executed_lines": [], "summary": {"covered_lines": 0, "num_statements": 1, "percent_covered": 0.0, "percent_covered_display": "0", "missing_lines": 1, "excluded_lines": 0}, "missing_lines": [117], "excluded_lines": []}, "log_system_info": {"executed_lines": [], "summary": {"covered_lines": 0, "num_statements": 6, "percent_covered": 0.0, "percent_covered_display": "0", "missing_lines": 6, "excluded_lines": 0}, "missing_lines": [122, 123, 125, 126, 127, 128], "excluded_lines": []}, "log_model_info": {"executed_lines": [], "summary": {"covered_lines": 0, "num_statements": 2, "percent_covered": 0.0, "percent_covered_display": "0", "missing_lines": 2, "excluded_lines": 0}, "missing_lines": [133, 134], "excluded_lines": []}, "": {"executed_lines": [1, 3, 4, 5, 6, 7, 8, 9, 12, 13, 15, 22, 24, 31, 32, 34, 39, 44, 52, 115, 120, 131], "summary": {"covered_lines": 19, "num_statements": 19, "percent_covered": 100.0, "percent_covered_display": "100", "missing_lines": 0, "excluded_lines": 0}, "missing_lines": [], "excluded_lines": []}}, "classes": {"ColoredFormatter": {"executed_lines": [], "summary": {"covered_lines": 0, "num_statements": 3, "percent_covered": 0.0, "percent_covered_display": "0", "missing_lines": 3, "excluded_lines": 0}, "missing_lines": [26, 27, 28], "excluded_lines": []}, "PerformanceLogger": {"executed_lines": [], "summary": {"covered_lines": 0, "num_statements": 10, "percent_covered": 0.0, "percent_covered_display": "0", "missing_lines": 10, "excluded_lines": 0}, "missing_lines": [35, 36, 37, 40, 41, 42, 45, 46, 47, 49], "excluded_lines": []}, "": {"executed_lines": [1, 3, 4, 5, 6, 7, 8, 9, 12, 13, 15, 22, 24, 31, 32, 34, 39, 44, 52, 115, 120, 131], "summary": {"covered_lines": 19, "num_statements": 47, "percent_covered": 40.42553191489362, "percent_covered_display": "40", "missing_lines": 28, "excluded_lines": 0}, "missing_lines": [74, 75, 78, 81, 87, 90, 91, 92, 94, 95, 96, 99, 100, 101, 103, 108, 109, 110, 112, 117, 122, 123, 125, 126, 127, 128, 133, 134], "excluded_lines": []}}}, "photo_restore/utils/model_loader.py": {"executed_lines": [], "summary": {"covered_lines": 0, "num_statements": 175, "percent_covered": 0.0, "percent_covered_display": "0", "missing_lines": 175, "excluded_lines": 0}, "missing_lines": [3, 4, 5, 6, 8, 11, 13, 14, 15, 17, 19, 20, 21, 22, 23, 24, 25, 27, 28, 29, 30, 31, 32, 33, 35, 37, 38, 39, 40, 41, 43, 44, 45, 46, 47, 49, 51, 52, 53, 54, 55, 56, 57, 58, 59, 60, 61, 63, 65, 66, 67, 70, 71, 72, 73, 75, 77, 78, 79, 80, 81, 82, 83, 86, 87, 88, 89, 91, 92, 94, 97, 102, 104, 106, 107, 108, 111, 112, 114, 115, 116, 119, 120, 122, 123, 124, 126, 128, 130, 131, 132, 133, 134, 135, 136, 138, 140, 141, 142, 143, 145, 146, 148, 151, 154, 155, 156, 157, 158, 159, 162, 163, 165, 166, 169, 170, 171, 173, 174, 176, 177, 178, 179, 180, 183, 188, 190, 191, 192, 195, 196, 197, 198, 199, 200, 202, 204, 205, 207, 210, 211, 214, 215, 218, 219, 221, 223, 224, 225, 227, 228, 229, 232, 236, 247, 248, 249, 250, 251, 252, 253, 254, 255, 256, 257, 260, 261, 262, 263, 264, 265, 266, 267, 268, 270], "excluded_lines": [], "functions": {"create_manual_rrdbnet": {"executed_lines": [], "summary": {"covered_lines": 0, "num_statements": 13, "percent_covered": 0.0, "percent_covered_display": "0", "missing_lines": 13, "excluded_lines": 0}, "missing_lines": [13, 14, 15, 17, 19, 27, 35, 37, 43, 49, 51, 77, 94], "excluded_lines": []}, "create_manual_rrdbnet.ResidualDenseBlock.__init__": {"executed_lines": [], "summary": {"covered_lines": 0, "num_statements": 6, "percent_covered": 0.0, "percent_covered_display": "0", "missing_lines": 6, "excluded_lines": 0}, "missing_lines": [20, 21, 22, 23, 24, 25], "excluded_lines": []}, "create_manual_rrdbnet.ResidualDenseBlock.forward": {"executed_lines": [], "summary": {"covered_lines": 0, "num_statements": 6, "percent_covered": 0.0, "percent_covered_display": "0", "missing_lines": 6, "excluded_lines": 0}, "missing_lines": [28, 29, 30, 31, 32, 33], "excluded_lines": []}, "create_manual_rrdbnet.RRDB.__init__": {"executed_lines": [], "summary": {"covered_lines": 0, "num_statements": 4, "percent_covered": 0.0, "percent_covered_display": "0", "missing_lines": 4, "excluded_lines": 0}, "missing_lines": [38, 39, 40, 41], "excluded_lines": []}, "create_manual_rrdbnet.RRDB.forward": {"executed_lines": [], "summary": {"covered_lines": 0, "num_statements": 4, "percent_covered": 0.0, "percent_covered_display": "0", "missing_lines": 4, "excluded_lines": 0}, "missing_lines": [44, 45, 46, 47], "excluded_lines": []}, "create_manual_rrdbnet.RRDBNet.__init__": {"executed_lines": [], "summary": {"covered_lines": 0, "num_statements": 19, "percent_covered": 0.0, "percent_covered_display": "0", "missing_lines": 19, "excluded_lines": 0}, "missing_lines": [52, 53, 54, 55, 56, 57, 58, 59, 60, 61, 63, 65, 66, 67, 70, 71, 72, 73, 75], "excluded_lines": []}, "create_manual_rrdbnet.RRDBNet.forward": {"executed_lines": [], "summary": {"covered_lines": 0, "num_statements": 12, "percent_covered": 0.0, "percent_covered_display": "0", "missing_lines": 12, "excluded_lines": 0}, "missing_lines": [78, 79, 80, 81, 82, 83, 86, 87, 88, 89, 91, 92], "excluded_lines": []}, "emergency_realesrgan_loader": {"executed_lines": [], "summary": {"covered_lines": 0, "num_statements": 53, "percent_covered": 0.0, "percent_covered_display": "0", "missing_lines": 53, "excluded_lines": 0}, "missing_lines": [102, 104, 106, 107, 108, 111, 112, 114, 115, 116, 119, 120, 122, 123, 124, 126, 128, 130, 131, 132, 133, 134, 135, 136, 138, 140, 141, 142, 143, 145, 146, 148, 151, 154, 155, 156, 157, 158, 159, 162, 163, 165, 166, 169, 170, 171, 173, 174, 176, 177, 178, 179, 180], "excluded_lines": []}, "create_manual_realesrgan_upsampler": {"executed_lines": [], "summary": {"covered_lines": 0, "num_statements": 13, "percent_covered": 0.0, "percent_covered_display": "0", "missing_lines": 13, "excluded_lines": 0}, "missing_lines": [188, 190, 191, 192, 195, 196, 202, 223, 224, 225, 227, 228, 229], "excluded_lines": []}, "create_manual_realesrgan_upsampler.ManualRealESRGANer.__init__": {"executed_lines": [], "summary": {"covered_lines": 0, "num_statements": 4, "percent_covered": 0.0, "percent_covered_display": "0", "missing_lines": 4, "excluded_lines": 0}, "missing_lines": [197, 198, 199, 200], "excluded_lines": []}, "create_manual_realesrgan_upsampler.ManualRealESRGANer.enhance": {"executed_lines": [], "summary": {"covered_lines": 0, "num_statements": 10, "percent_covered": 0.0, "percent_covered_display": "0", "missing_lines": 10, "excluded_lines": 0}, "missing_lines": [204, 205, 207, 210, 211, 214, 215, 218, 219, 221], "excluded_lines": []}, "diagnose_realesrgan_issue": {"executed_lines": [], "summary": {"covered_lines": 0, "num_statements": 22, "percent_covered": 0.0, "percent_covered_display": "0", "missing_lines": 22, "excluded_lines": 0}, "missing_lines": [236, 247, 248, 249, 250, 251, 252, 253, 254, 255, 256, 257, 260, 261, 262, 263, 264, 265, 266, 267, 268, 270], "excluded_lines": []}, "": {"executed_lines": [], "summary": {"covered_lines": 0, "num_statements": 9, "percent_covered": 0.0, "percent_covered_display": "0", "missing_lines": 9, "excluded_lines": 0}, "missing_lines": [3, 4, 5, 6, 8, 11, 97, 183, 232], "excluded_lines": []}}, "classes": {"create_manual_rrdbnet.ResidualDenseBlock": {"executed_lines": [], "summary": {"covered_lines": 0, "num_statements": 12, "percent_covered": 0.0, "percent_covered_display": "0", "missing_lines": 12, "excluded_lines": 0}, "missing_lines": [20, 21, 22, 23, 24, 25, 28, 29, 30, 31, 32, 33], "excluded_lines": []}, "create_manual_rrdbnet.RRDB": {"executed_lines": [], "summary": {"covered_lines": 0, "num_statements": 8, "percent_covered": 0.0, "percent_covered_display": "0", "missing_lines": 8, "excluded_lines": 0}, "missing_lines": [38, 39, 40, 41, 44, 45, 46, 47], "excluded_lines": []}, "create_manual_rrdbnet.RRDBNet": {"executed_lines": [], "summary": {"covered_lines": 0, "num_statements": 31, "percent_covered": 0.0, "percent_covered_display": "0", "missing_lines": 31, "excluded_lines": 0}, "missing_lines": [52, 53, 54, 55, 56, 57, 58, 59, 60, 61, 63, 65, 66, 67, 70, 71, 72, 73, 75, 78, 79, 80, 81, 82, 83, 86, 87, 88, 89, 91, 92], "excluded_lines": []}, "create_manual_realesrgan_upsampler.ManualRealESRGANer": {"executed_lines": [], "summary": {"covered_lines": 0, "num_statements": 14, "percent_covered": 0.0, "percent_covered_display": "0", "missing_lines": 14, "excluded_lines": 0}, "missing_lines": [197, 198, 199, 200, 204, 205, 207, 210, 211, 214, 215, 218, 219, 221], "excluded_lines": []}, "": {"executed_lines": [], "summary": {"covered_lines": 0, "num_statements": 110, "percent_covered": 0.0, "percent_covered_display": "0", "missing_lines": 110, "excluded_lines": 0}, "missing_lines": [3, 4, 5, 6, 8, 11, 13, 14, 15, 17, 19, 27, 35, 37, 43, 49, 51, 77, 94, 97, 102, 104, 106, 107, 108, 111, 112, 114, 115, 116, 119, 120, 122, 123, 124, 126, 128, 130, 131, 132, 133, 134, 135, 136, 138, 140, 141, 142, 143, 145, 146, 148, 151, 154, 155, 156, 157, 158, 159, 162, 163, 165, 166, 169, 170, 171, 173, 174, 176, 177, 178, 179, 180, 183, 188, 190, 191, 192, 195, 196, 202, 223, 224, 225, 227, 228, 229, 232, 236, 247, 248, 249, 250, 251, 252, 253, 254, 255, 256, 257, 260, 261, 262, 263, 264, 265, 266, 267, 268, 270], "excluded_lines": []}}}, "photo_restore/utils/torch_compat.py": {"executed_lines": [], "summary": {"covered_lines": 0, "num_statements": 52, "percent_covered": 0.0, "percent_covered_display": "0", "missing_lines": 52, "excluded_lines": 0}, "missing_lines": [6, 7, 8, 9, 11, 16, 18, 19, 20, 21, 23, 25, 26, 29, 32, 33, 36, 37, 39, 40, 43, 45, 46, 47, 48, 50, 52, 55, 56, 57, 58, 59, 60, 63, 66, 67, 68, 69, 70, 72, 74, 75, 76, 78, 83, 85, 87, 88, 89, 90, 91, 94], "excluded_lines": [], "functions": {"setup_torchvision_compatibility": {"executed_lines": [], "summary": {"covered_lines": 0, "num_statements": 38, "percent_covered": 0.0, "percent_covered_display": "0", "missing_lines": 38, "excluded_lines": 0}, "missing_lines": [16, 18, 19, 20, 21, 23, 25, 26, 29, 32, 33, 36, 37, 39, 40, 43, 45, 46, 47, 48, 50, 52, 55, 56, 57, 58, 59, 60, 63, 66, 67, 68, 69, 70, 72, 74, 75, 76], "excluded_lines": []}, "patch_realesrgan_imports": {"executed_lines": [], "summary": {"covered_lines": 0, "num_statements": 7, "percent_covered": 0.0, "percent_covered_display": "0", "missing_lines": 7, "excluded_lines": 0}, "missing_lines": [83, 85, 87, 88, 89, 90, 91], "excluded_lines": []}, "": {"executed_lines": [], "summary": {"covered_lines": 0, "num_statements": 7, "percent_covered": 0.0, "percent_covered_display": "0", "missing_lines": 7, "excluded_lines": 0}, "missing_lines": [6, 7, 8, 9, 11, 78, 94], "excluded_lines": []}}, "classes": {"": {"executed_lines": [], "summary": {"covered_lines": 0, "num_statements": 52, "percent_covered": 0.0, "percent_covered_display": "0", "missing_lines": 52, "excluded_lines": 0}, "missing_lines": [6, 7, 8, 9, 11, 16, 18, 19, 20, 21, 23, 25, 26, 29, 32, 33, 36, 37, 39, 40, 43, 45, 46, 47, 48, 50, 52, 55, 56, 57, 58, 59, 60, 63, 66, 67, 68, 69, 70, 72, 74, 75, 76, 78, 83, 85, 87, 88, 89, 90, 91, 94], "excluded_lines": []}}}}, "totals": {"covered_lines": 59, "num_statements": 2240, "percent_covered": 2.6339285714285716, "percent_covered_display": "3", "missing_lines": 2181, "excluded_lines": 0}}